{"C:\\Users\\jssim\\aarao\\conecthus\\web\\src\\App.tsx": {"path":"C:\\Users\\jssim\\aarao\\conecthus\\web\\src\\App.tsx","statementMap":{"0":{"start":{"line":11,"column":2},"end":{"line":29,"column":null}}},"fnMap":{"0":{"name":"App","decl":{"start":{"line":10,"column":24},"end":{"line":10,"column":30}},"loc":{"start":{"line":10,"column":30},"end":{"line":31,"column":null}},"line":10}},"branchMap":{},"s":{"0":3},"f":{"0":3},"b":{},"meta":{"lastBranch":0,"lastFunction":1,"lastStatement":1,"seen":{"f:10:24:10:30":0,"s:11:2:29:Infinity":0},"fnNames":{}}}
,"C:\\Users\\jssim\\aarao\\conecthus\\web\\src\\api\\auth.ts": {"path":"C:\\Users\\jssim\\aarao\\conecthus\\web\\src\\api\\auth.ts","statementMap":{"0":{"start":{"line":5,"column":2},"end":{"line":5,"column":null}},"1":{"start":{"line":9,"column":2},"end":{"line":9,"column":null}},"2":{"start":{"line":13,"column":2},"end":{"line":13,"column":null}},"3":{"start":{"line":17,"column":2},"end":{"line":17,"column":null}}},"fnMap":{"0":{"name":"registerUser","decl":{"start":{"line":4,"column":16},"end":{"line":4,"column":29}},"loc":{"start":{"line":4,"column":76},"end":{"line":6,"column":null}},"line":4},"1":{"name":"loginUser","decl":{"start":{"line":8,"column":16},"end":{"line":8,"column":26}},"loc":{"start":{"line":8,"column":59},"end":{"line":10,"column":null}},"line":8},"2":{"name":"getCurrentUser","decl":{"start":{"line":12,"column":16},"end":{"line":12,"column":33}},"loc":{"start":{"line":12,"column":33},"end":{"line":14,"column":null}},"line":12},"3":{"name":"updateCurrentUser","decl":{"start":{"line":16,"column":16},"end":{"line":16,"column":34}},"loc":{"start":{"line":16,"column":48},"end":{"line":18,"column":null}},"line":16}},"branchMap":{},"s":{"0":1,"1":1,"2":1,"3":1},"f":{"0":1,"1":1,"2":1,"3":1},"b":{},"meta":{"lastBranch":0,"lastFunction":4,"lastStatement":4,"seen":{"f:4:16:4:29":0,"s:5:2:5:Infinity":0,"f:8:16:8:26":1,"s:9:2:9:Infinity":1,"f:12:16:12:33":2,"s:13:2:13:Infinity":2,"f:16:16:16:34":3,"s:17:2:17:Infinity":3},"fnNames":{}}}
,"C:\\Users\\jssim\\aarao\\conecthus\\web\\src\\api\\client.ts": {"path":"C:\\Users\\jssim\\aarao\\conecthus\\web\\src\\api\\client.ts","statementMap":{"0":{"start":{"line":3,"column":28},"end":{"line":3,"column":null}},"1":{"start":{"line":5,"column":19},"end":{"line":7,"column":null}},"2":{"start":{"line":9,"column":0},"end":{"line":15,"column":null}},"3":{"start":{"line":10,"column":16},"end":{"line":10,"column":null}},"4":{"start":{"line":11,"column":2},"end":{"line":13,"column":null}},"5":{"start":{"line":12,"column":4},"end":{"line":12,"column":null}},"6":{"start":{"line":14,"column":2},"end":{"line":14,"column":null}},"7":{"start":{"line":17,"column":0},"end":{"line":30,"column":null}},"8":{"start":{"line":18,"column":16},"end":{"line":18,"column":null}},"9":{"start":{"line":20,"column":4},"end":{"line":27,"column":null}},"10":{"start":{"line":21,"column":6},"end":{"line":21,"column":null}},"11":{"start":{"line":22,"column":6},"end":{"line":22,"column":null}},"12":{"start":{"line":23,"column":27},"end":{"line":23,"column":null}},"13":{"start":{"line":24,"column":6},"end":{"line":26,"column":null}},"14":{"start":{"line":25,"column":8},"end":{"line":25,"column":null}},"15":{"start":{"line":28,"column":4},"end":{"line":28,"column":null}},"16":{"start":{"line":33,"column":2},"end":{"line":38,"column":null}},"17":{"start":{"line":34,"column":17},"end":{"line":34,"column":null}},"18":{"start":{"line":35,"column":4},"end":{"line":35,"column":null}},"19":{"start":{"line":35,"column":38},"end":{"line":35,"column":null}},"20":{"start":{"line":36,"column":4},"end":{"line":36,"column":null}},"21":{"start":{"line":36,"column":23},"end":{"line":36,"column":null}},"22":{"start":{"line":37,"column":4},"end":{"line":37,"column":null}},"23":{"start":{"line":37,"column":23},"end":{"line":37,"column":null}},"24":{"start":{"line":39,"column":2},"end":{"line":39,"column":null}}},"fnMap":{"0":{"name":"(anonymous_0)","decl":{"start":{"line":9,"column":25},"end":{"line":9,"column":30}},"loc":{"start":{"line":9,"column":41},"end":{"line":15,"column":1}},"line":9},"1":{"name":"(anonymous_1)","decl":{"start":{"line":17,"column":26},"end":{"line":17,"column":null}},"loc":{"start":{"line":18,"column":16},"end":{"line":18,"column":null}},"line":18},"2":{"name":"(anonymous_2)","decl":{"start":{"line":18,"column":16},"end":{"line":18,"column":null}},"loc":{"start":{"line":19,"column":13},"end":{"line":29,"column":null}},"line":19},"3":{"name":"getErrorMessage","decl":{"start":{"line":32,"column":16},"end":{"line":32,"column":32}},"loc":{"start":{"line":32,"column":56},"end":{"line":40,"column":null}},"line":32}},"branchMap":{"0":{"loc":{"start":{"line":3,"column":28},"end":{"line":3,"column":null}},"type":"binary-expr","locations":[{"start":{"line":3,"column":28},"end":{"line":3,"column":60}},{"start":{"line":3,"column":60},"end":{"line":3,"column":null}}],"line":3},"1":{"loc":{"start":{"line":11,"column":2},"end":{"line":13,"column":null}},"type":"if","locations":[{"start":{"line":11,"column":2},"end":{"line":13,"column":null}},{"start":{},"end":{}}],"line":11},"2":{"loc":{"start":{"line":20,"column":4},"end":{"line":27,"column":null}},"type":"if","locations":[{"start":{"line":20,"column":4},"end":{"line":27,"column":null}},{"start":{},"end":{}}],"line":20},"3":{"loc":{"start":{"line":24,"column":6},"end":{"line":26,"column":null}},"type":"if","locations":[{"start":{"line":24,"column":6},"end":{"line":26,"column":null}},{"start":{},"end":{}}],"line":24},"4":{"loc":{"start":{"line":24,"column":10},"end":{"line":24,"column":79}},"type":"binary-expr","locations":[{"start":{"line":24,"column":10},"end":{"line":24,"column":44}},{"start":{"line":24,"column":44},"end":{"line":24,"column":79}}],"line":24},"5":{"loc":{"start":{"line":33,"column":2},"end":{"line":38,"column":null}},"type":"if","locations":[{"start":{"line":33,"column":2},"end":{"line":38,"column":null}},{"start":{},"end":{}}],"line":33},"6":{"loc":{"start":{"line":35,"column":4},"end":{"line":35,"column":null}},"type":"if","locations":[{"start":{"line":35,"column":4},"end":{"line":35,"column":null}},{"start":{},"end":{}}],"line":35},"7":{"loc":{"start":{"line":36,"column":4},"end":{"line":36,"column":null}},"type":"if","locations":[{"start":{"line":36,"column":4},"end":{"line":36,"column":null}},{"start":{},"end":{}}],"line":36},"8":{"loc":{"start":{"line":37,"column":4},"end":{"line":37,"column":null}},"type":"if","locations":[{"start":{"line":37,"column":4},"end":{"line":37,"column":null}},{"start":{},"end":{}}],"line":37}},"s":{"0":7,"1":7,"2":7,"3":0,"4":0,"5":0,"6":0,"7":7,"8":0,"9":0,"10":0,"11":0,"12":0,"13":0,"14":0,"15":0,"16":3,"17":3,"18":3,"19":0,"20":3,"21":3,"22":0,"23":0,"24":0},"f":{"0":0,"1":0,"2":0,"3":3},"b":{"0":[7,7],"1":[0,0],"2":[0,0],"3":[0,0],"4":[0,0],"5":[3,0],"6":[0,3],"7":[3,0],"8":[0,0]},"meta":{"lastBranch":9,"lastFunction":4,"lastStatement":25,"seen":{"s:3:28:3:Infinity":0,"b:3:28:3:60:3:60:3:Infinity":0,"s:5:19:7:Infinity":1,"s:9:0:15:Infinity":2,"f:9:25:9:30":0,"s:10:16:10:Infinity":3,"b:11:2:13:Infinity:undefined:undefined:undefined:undefined":1,"s:11:2:13:Infinity":4,"s:12:4:12:Infinity":5,"s:14:2:14:Infinity":6,"s:17:0:30:Infinity":7,"f:17:26:17:Infinity":1,"s:18:16:18:Infinity":8,"f:18:16:18:Infinity":2,"b:20:4:27:Infinity:undefined:undefined:undefined:undefined":2,"s:20:4:27:Infinity":9,"s:21:6:21:Infinity":10,"s:22:6:22:Infinity":11,"s:23:27:23:Infinity":12,"b:24:6:26:Infinity:undefined:undefined:undefined:undefined":3,"s:24:6:26:Infinity":13,"b:24:10:24:44:24:44:24:79":4,"s:25:8:25:Infinity":14,"s:28:4:28:Infinity":15,"f:32:16:32:32":3,"b:33:2:38:Infinity:undefined:undefined:undefined:undefined":5,"s:33:2:38:Infinity":16,"s:34:17:34:Infinity":17,"b:35:4:35:Infinity:undefined:undefined:undefined:undefined":6,"s:35:4:35:Infinity":18,"s:35:38:35:Infinity":19,"b:36:4:36:Infinity:undefined:undefined:undefined:undefined":7,"s:36:4:36:Infinity":20,"s:36:23:36:Infinity":21,"b:37:4:37:Infinity:undefined:undefined:undefined:undefined":8,"s:37:4:37:Infinity":22,"s:37:23:37:Infinity":23,"s:39:2:39:Infinity":24},"fnNames":{}}}
,"C:\\Users\\jssim\\aarao\\conecthus\\web\\src\\api\\tasks.ts": {"path":"C:\\Users\\jssim\\aarao\\conecthus\\web\\src\\api\\tasks.ts","statementMap":{"0":{"start":{"line":11,"column":17},"end":{"line":11,"column":null}},"1":{"start":{"line":12,"column":2},"end":{"line":12,"column":null}},"2":{"start":{"line":12,"column":20},"end":{"line":12,"column":null}},"3":{"start":{"line":13,"column":2},"end":{"line":13,"column":null}},"4":{"start":{"line":13,"column":20},"end":{"line":13,"column":null}},"5":{"start":{"line":14,"column":2},"end":{"line":14,"column":null}},"6":{"start":{"line":14,"column":25},"end":{"line":14,"column":null}},"7":{"start":{"line":15,"column":2},"end":{"line":15,"column":null}},"8":{"start":{"line":15,"column":23},"end":{"line":15,"column":null}},"9":{"start":{"line":16,"column":2},"end":{"line":16,"column":null}},"10":{"start":{"line":16,"column":36},"end":{"line":16,"column":null}},"11":{"start":{"line":17,"column":2},"end":{"line":17,"column":null}},"12":{"start":{"line":17,"column":47},"end":{"line":17,"column":null}},"13":{"start":{"line":18,"column":13},"end":{"line":18,"column":null}},"14":{"start":{"line":19,"column":2},"end":{"line":19,"column":null}},"15":{"start":{"line":23,"column":2},"end":{"line":23,"column":null}},"16":{"start":{"line":27,"column":2},"end":{"line":27,"column":null}},"17":{"start":{"line":31,"column":2},"end":{"line":31,"column":null}},"18":{"start":{"line":35,"column":2},"end":{"line":35,"column":null}},"19":{"start":{"line":39,"column":2},"end":{"line":39,"column":null}},"20":{"start":{"line":43,"column":2},"end":{"line":43,"column":null}}},"fnMap":{"0":{"name":"buildTaskQuery","decl":{"start":{"line":10,"column":16},"end":{"line":10,"column":31}},"loc":{"start":{"line":10,"column":57},"end":{"line":20,"column":null}},"line":10},"1":{"name":"listTasks","decl":{"start":{"line":22,"column":16},"end":{"line":22,"column":26}},"loc":{"start":{"line":22,"column":49},"end":{"line":24,"column":null}},"line":22},"2":{"name":"getTask","decl":{"start":{"line":26,"column":16},"end":{"line":26,"column":24}},"loc":{"start":{"line":26,"column":36},"end":{"line":28,"column":null}},"line":26},"3":{"name":"createTask","decl":{"start":{"line":30,"column":16},"end":{"line":30,"column":27}},"loc":{"start":{"line":30,"column":51},"end":{"line":32,"column":null}},"line":30},"4":{"name":"updateTask","decl":{"start":{"line":34,"column":16},"end":{"line":34,"column":27}},"loc":{"start":{"line":34,"column":63},"end":{"line":36,"column":null}},"line":34},"5":{"name":"markTaskDone","decl":{"start":{"line":38,"column":16},"end":{"line":38,"column":29}},"loc":{"start":{"line":38,"column":41},"end":{"line":40,"column":null}},"line":38},"6":{"name":"deleteTask","decl":{"start":{"line":42,"column":16},"end":{"line":42,"column":27}},"loc":{"start":{"line":42,"column":39},"end":{"line":44,"column":null}},"line":42}},"branchMap":{"0":{"loc":{"start":{"line":12,"column":2},"end":{"line":12,"column":null}},"type":"if","locations":[{"start":{"line":12,"column":2},"end":{"line":12,"column":null}},{"start":{},"end":{}}],"line":12},"1":{"loc":{"start":{"line":13,"column":2},"end":{"line":13,"column":null}},"type":"if","locations":[{"start":{"line":13,"column":2},"end":{"line":13,"column":null}},{"start":{},"end":{}}],"line":13},"2":{"loc":{"start":{"line":14,"column":2},"end":{"line":14,"column":null}},"type":"if","locations":[{"start":{"line":14,"column":2},"end":{"line":14,"column":null}},{"start":{},"end":{}}],"line":14},"3":{"loc":{"start":{"line":15,"column":2},"end":{"line":15,"column":null}},"type":"if","locations":[{"start":{"line":15,"column":2},"end":{"line":15,"column":null}},{"start":{},"end":{}}],"line":15},"4":{"loc":{"start":{"line":16,"column":2},"end":{"line":16,"column":null}},"type":"if","locations":[{"start":{"line":16,"column":2},"end":{"line":16,"column":null}},{"start":{},"end":{}}],"line":16},"5":{"loc":{"start":{"line":16,"column":6},"end":{"line":16,"column":36}},"type":"binary-expr","locations":[{"start":{"line":16,"column":6},"end":{"line":16,"column":20}},{"start":{"line":16,"column":20},"end":{"line":16,"column":36}}],"line":16},"6":{"loc":{"start":{"line":17,"column":2},"end":{"line":17,"column":null}},"type":"if","locations":[{"start":{"line":17,"column":2},"end":{"line":17,"column":null}},{"start":{},"end":{}}],"line":17},"7":{"loc":{"start":{"line":17,"column":6},"end":{"line":17,"column":47}},"type":"binary-expr","locations":[{"start":{"line":17,"column":6},"end":{"line":17,"column":24}},{"start":{"line":17,"column":24},"end":{"line":17,"column":47}}],"line":17},"8":{"loc":{"start":{"line":19,"column":9},"end":{"line":19,"column":null}},"type":"cond-expr","locations":[{"start":{"line":19,"column":14},"end":{"line":19,"column":31}},{"start":{"line":19,"column":31},"end":{"line":19,"column":null}}],"line":19},"9":{"loc":{"start":{"line":22,"column":26},"end":{"line":22,"column":49}},"type":"default-arg","locations":[{"start":{"line":22,"column":45},"end":{"line":22,"column":49}}],"line":22}},"s":{"0":7,"1":7,"2":2,"3":7,"4":1,"5":7,"6":1,"7":7,"8":1,"9":7,"10":2,"11":7,"12":2,"13":7,"14":7,"15":1,"16":1,"17":1,"18":1,"19":1,"20":1},"f":{"0":7,"1":1,"2":1,"3":1,"4":1,"5":1,"6":1},"b":{"0":[2,5],"1":[1,6],"2":[1,6],"3":[1,6],"4":[2,5],"5":[7,3],"6":[2,5],"7":[7,3],"8":[4,3],"9":[1]},"meta":{"lastBranch":10,"lastFunction":7,"lastStatement":21,"seen":{"f:10:16:10:31":0,"s:11:17:11:Infinity":0,"b:12:2:12:Infinity:undefined:undefined:undefined:undefined":0,"s:12:2:12:Infinity":1,"s:12:20:12:Infinity":2,"b:13:2:13:Infinity:undefined:undefined:undefined:undefined":1,"s:13:2:13:Infinity":3,"s:13:20:13:Infinity":4,"b:14:2:14:Infinity:undefined:undefined:undefined:undefined":2,"s:14:2:14:Infinity":5,"s:14:25:14:Infinity":6,"b:15:2:15:Infinity:undefined:undefined:undefined:undefined":3,"s:15:2:15:Infinity":7,"s:15:23:15:Infinity":8,"b:16:2:16:Infinity:undefined:undefined:undefined:undefined":4,"s:16:2:16:Infinity":9,"b:16:6:16:20:16:20:16:36":5,"s:16:36:16:Infinity":10,"b:17:2:17:Infinity:undefined:undefined:undefined:undefined":6,"s:17:2:17:Infinity":11,"b:17:6:17:24:17:24:17:47":7,"s:17:47:17:Infinity":12,"s:18:13:18:Infinity":13,"s:19:2:19:Infinity":14,"b:19:14:19:31:19:31:19:Infinity":8,"f:22:16:22:26":1,"b:22:45:22:49":9,"s:23:2:23:Infinity":15,"f:26:16:26:24":2,"s:27:2:27:Infinity":16,"f:30:16:30:27":3,"s:31:2:31:Infinity":17,"f:34:16:34:27":4,"s:35:2:35:Infinity":18,"f:38:16:38:29":5,"s:39:2:39:Infinity":19,"f:42:16:42:27":6,"s:43:2:43:Infinity":20},"fnNames":{}}}
,"C:\\Users\\jssim\\aarao\\conecthus\\web\\src\\auth\\AuthContext.tsx": {"path":"C:\\Users\\jssim\\aarao\\conecthus\\web\\src\\auth\\AuthContext.tsx","statementMap":{"0":{"start":{"line":8,"column":26},"end":{"line":8,"column":null}},"1":{"start":{"line":8,"column":54},"end":{"line":8,"column":69}},"2":{"start":{"line":10,"column":8},"end":{"line":13,"column":null}},"3":{"start":{"line":11,"column":4},"end":{"line":11,"column":null}},"4":{"start":{"line":12,"column":4},"end":{"line":12,"column":null}},"5":{"start":{"line":15,"column":16},"end":{"line":32,"column":null}},"6":{"start":{"line":16,"column":11},"end":{"line":30,"column":null}},"7":{"start":{"line":19,"column":40},"end":{"line":19,"column":null}},"8":{"start":{"line":21,"column":8},"end":{"line":21,"column":null}},"9":{"start":{"line":23,"column":8},"end":{"line":23,"column":null}},"10":{"start":{"line":24,"column":8},"end":{"line":24,"column":null}},"11":{"start":{"line":27,"column":8},"end":{"line":27,"column":null}},"12":{"start":{"line":28,"column":8},"end":{"line":28,"column":null}},"13":{"start":{"line":34,"column":2},"end":{"line":34,"column":null}}},"fnMap":{"0":{"name":"AuthProvider","decl":{"start":{"line":7,"column":16},"end":{"line":7,"column":29}},"loc":{"start":{"line":7,"column":68},"end":{"line":35,"column":null}},"line":7},"1":{"name":"(anonymous_1)","decl":{"start":{"line":8,"column":26},"end":{"line":8,"column":54}},"loc":{"start":{"line":8,"column":54},"end":{"line":8,"column":69}},"line":8},"2":{"name":"(anonymous_2)","decl":{"start":{"line":10,"column":8},"end":{"line":10,"column":24}},"loc":{"start":{"line":10,"column":47},"end":{"line":13,"column":null}},"line":10},"3":{"name":"(anonymous_3)","decl":{"start":{"line":15,"column":16},"end":{"line":15,"column":null}},"loc":{"start":{"line":16,"column":11},"end":{"line":30,"column":null}},"line":16},"4":{"name":"(anonymous_4)","decl":{"start":{"line":19,"column":13},"end":{"line":19,"column":20}},"loc":{"start":{"line":19,"column":40},"end":{"line":19,"column":null}},"line":19},"5":{"name":"(anonymous_5)","decl":{"start":{"line":20,"column":16},"end":{"line":20,"column":23}},"loc":{"start":{"line":21,"column":8},"end":{"line":21,"column":null}},"line":21},"6":{"name":"(anonymous_6)","decl":{"start":{"line":22,"column":6},"end":{"line":22,"column":20}},"loc":{"start":{"line":22,"column":20},"end":{"line":25,"column":null}},"line":22},"7":{"name":"(anonymous_7)","decl":{"start":{"line":26,"column":6},"end":{"line":26,"column":20}},"loc":{"start":{"line":26,"column":32},"end":{"line":29,"column":null}},"line":26}},"branchMap":{},"s":{"0":11,"1":9,"2":11,"3":2,"4":2,"5":11,"6":11,"7":2,"8":2,"9":0,"10":0,"11":0,"12":0,"13":11},"f":{"0":11,"1":9,"2":2,"3":11,"4":2,"5":2,"6":0,"7":0},"b":{},"meta":{"lastBranch":0,"lastFunction":8,"lastStatement":14,"seen":{"f:7:16:7:29":0,"s:8:26:8:Infinity":0,"f:8:26:8:54":1,"s:8:54:8:69":1,"s:10:8:13:Infinity":2,"f:10:8:10:24":2,"s:11:4:11:Infinity":3,"s:12:4:12:Infinity":4,"s:15:16:32:Infinity":5,"f:15:16:15:Infinity":3,"s:16:11:30:Infinity":6,"f:19:13:19:20":4,"s:19:40:19:Infinity":7,"f:20:16:20:23":5,"s:21:8:21:Infinity":8,"f:22:6:22:20":6,"s:23:8:23:Infinity":9,"s:24:8:24:Infinity":10,"f:26:6:26:20":7,"s:27:8:27:Infinity":11,"s:28:8:28:Infinity":12,"s:34:2:34:Infinity":13},"fnNames":{}}}
,"C:\\Users\\jssim\\aarao\\conecthus\\web\\src\\auth\\ProtectedRoute.tsx": {"path":"C:\\Users\\jssim\\aarao\\conecthus\\web\\src\\auth\\ProtectedRoute.tsx","statementMap":{"0":{"start":{"line":5,"column":30},"end":{"line":5,"column":38}},"1":{"start":{"line":6,"column":19},"end":{"line":6,"column":31}},"2":{"start":{"line":8,"column":2},"end":{"line":10,"column":null}},"3":{"start":{"line":9,"column":4},"end":{"line":9,"column":null}},"4":{"start":{"line":11,"column":2},"end":{"line":11,"column":null}},"5":{"start":{"line":15,"column":30},"end":{"line":15,"column":38}},"6":{"start":{"line":17,"column":2},"end":{"line":19,"column":null}},"7":{"start":{"line":18,"column":4},"end":{"line":18,"column":null}},"8":{"start":{"line":20,"column":2},"end":{"line":20,"column":null}}},"fnMap":{"0":{"name":"ProtectedRoute","decl":{"start":{"line":4,"column":16},"end":{"line":4,"column":33}},"loc":{"start":{"line":4,"column":33},"end":{"line":12,"column":null}},"line":4},"1":{"name":"GuestRoute","decl":{"start":{"line":14,"column":16},"end":{"line":14,"column":29}},"loc":{"start":{"line":14,"column":29},"end":{"line":21,"column":null}},"line":14}},"branchMap":{"0":{"loc":{"start":{"line":8,"column":2},"end":{"line":10,"column":null}},"type":"if","locations":[{"start":{"line":8,"column":2},"end":{"line":10,"column":null}},{"start":{},"end":{}}],"line":8},"1":{"loc":{"start":{"line":17,"column":2},"end":{"line":19,"column":null}},"type":"if","locations":[{"start":{"line":17,"column":2},"end":{"line":19,"column":null}},{"start":{},"end":{}}],"line":17}},"s":{"0":3,"1":3,"2":3,"3":1,"4":2,"5":2,"6":2,"7":1,"8":1},"f":{"0":3,"1":2},"b":{"0":[1,2],"1":[1,1]},"meta":{"lastBranch":2,"lastFunction":2,"lastStatement":9,"seen":{"f:4:16:4:33":0,"s:5:30:5:38":0,"s:6:19:6:31":1,"b:8:2:10:Infinity:undefined:undefined:undefined:undefined":0,"s:8:2:10:Infinity":2,"s:9:4:9:Infinity":3,"s:11:2:11:Infinity":4,"f:14:16:14:29":1,"s:15:30:15:38":5,"b:17:2:19:Infinity:undefined:undefined:undefined:undefined":1,"s:17:2:19:Infinity":6,"s:18:4:18:Infinity":7,"s:20:2:20:Infinity":8},"fnNames":{}}}
,"C:\\Users\\jssim\\aarao\\conecthus\\web\\src\\auth\\auth-context.ts": {"path":"C:\\Users\\jssim\\aarao\\conecthus\\web\\src\\auth\\auth-context.ts","statementMap":{"0":{"start":{"line":13,"column":27},"end":{"line":13,"column":null}},"1":{"start":{"line":16,"column":14},"end":{"line":16,"column":null}},"2":{"start":{"line":17,"column":2},"end":{"line":17,"column":null}},"3":{"start":{"line":17,"column":12},"end":{"line":17,"column":null}},"4":{"start":{"line":18,"column":2},"end":{"line":18,"column":null}}},"fnMap":{"0":{"name":"useAuth","decl":{"start":{"line":15,"column":16},"end":{"line":15,"column":26}},"loc":{"start":{"line":15,"column":26},"end":{"line":19,"column":null}},"line":15}},"branchMap":{"0":{"loc":{"start":{"line":17,"column":2},"end":{"line":17,"column":null}},"type":"if","locations":[{"start":{"line":17,"column":2},"end":{"line":17,"column":null}},{"start":{},"end":{}}],"line":17}},"s":{"0":3,"1":113,"2":113,"3":0,"4":113},"f":{"0":113},"b":{"0":[0,113]},"meta":{"lastBranch":1,"lastFunction":1,"lastStatement":5,"seen":{"s:13:27:13:Infinity":0,"f:15:16:15:26":0,"s:16:14:16:Infinity":1,"b:17:2:17:Infinity:undefined:undefined:undefined:undefined":0,"s:17:2:17:Infinity":2,"s:17:12:17:Infinity":3,"s:18:2:18:Infinity":4},"fnNames":{}}}
,"C:\\Users\\jssim\\aarao\\conecthus\\web\\src\\auth\\storage.ts": {"path":"C:\\Users\\jssim\\aarao\\conecthus\\web\\src\\auth\\storage.ts","statementMap":{"0":{"start":{"line":3,"column":17},"end":{"line":3,"column":null}},"1":{"start":{"line":4,"column":25},"end":{"line":4,"column":null}},"2":{"start":{"line":7,"column":14},"end":{"line":7,"column":null}},"3":{"start":{"line":8,"column":2},"end":{"line":8,"column":null}},"4":{"start":{"line":8,"column":12},"end":{"line":8,"column":null}},"5":{"start":{"line":9,"column":2},"end":{"line":13,"column":null}},"6":{"start":{"line":10,"column":4},"end":{"line":10,"column":null}},"7":{"start":{"line":12,"column":4},"end":{"line":12,"column":null}},"8":{"start":{"line":17,"column":2},"end":{"line":17,"column":null}},"9":{"start":{"line":21,"column":2},"end":{"line":21,"column":null}},"10":{"start":{"line":22,"column":2},"end":{"line":22,"column":null}},"11":{"start":{"line":26,"column":2},"end":{"line":26,"column":null}},"12":{"start":{"line":27,"column":2},"end":{"line":27,"column":null}}},"fnMap":{"0":{"name":"getStoredUser","decl":{"start":{"line":6,"column":16},"end":{"line":6,"column":45}},"loc":{"start":{"line":6,"column":45},"end":{"line":14,"column":null}},"line":6},"1":{"name":"persistUser","decl":{"start":{"line":16,"column":16},"end":{"line":16,"column":28}},"loc":{"start":{"line":16,"column":40},"end":{"line":18,"column":null}},"line":16},"2":{"name":"setSession","decl":{"start":{"line":20,"column":16},"end":{"line":20,"column":27}},"loc":{"start":{"line":20,"column":54},"end":{"line":23,"column":null}},"line":20},"3":{"name":"clearSession","decl":{"start":{"line":25,"column":16},"end":{"line":25,"column":31}},"loc":{"start":{"line":25,"column":31},"end":{"line":28,"column":null}},"line":25}},"branchMap":{"0":{"loc":{"start":{"line":8,"column":2},"end":{"line":8,"column":null}},"type":"if","locations":[{"start":{"line":8,"column":2},"end":{"line":8,"column":null}},{"start":{},"end":{}}],"line":8}},"s":{"0":3,"1":3,"2":9,"3":9,"4":7,"5":2,"6":2,"7":0,"8":2,"9":2,"10":2,"11":0,"12":0},"f":{"0":9,"1":2,"2":2,"3":0},"b":{"0":[7,2]},"meta":{"lastBranch":1,"lastFunction":4,"lastStatement":13,"seen":{"s:3:17:3:Infinity":0,"s:4:25:4:Infinity":1,"f:6:16:6:45":0,"s:7:14:7:Infinity":2,"b:8:2:8:Infinity:undefined:undefined:undefined:undefined":0,"s:8:2:8:Infinity":3,"s:8:12:8:Infinity":4,"s:9:2:13:Infinity":5,"s:10:4:10:Infinity":6,"s:12:4:12:Infinity":7,"f:16:16:16:28":1,"s:17:2:17:Infinity":8,"f:20:16:20:27":2,"s:21:2:21:Infinity":9,"s:22:2:22:Infinity":10,"f:25:16:25:31":3,"s:26:2:26:Infinity":11,"s:27:2:27:Infinity":12},"fnNames":{}}}
,"C:\\Users\\jssim\\aarao\\conecthus\\web\\src\\components\\Layout.tsx": {"path":"C:\\Users\\jssim\\aarao\\conecthus\\web\\src\\components\\Layout.tsx","statementMap":{"0":{"start":{"line":7,"column":27},"end":{"line":7,"column":35}},"1":{"start":{"line":8,"column":19},"end":{"line":8,"column":31}},"2":{"start":{"line":10,"column":49},"end":{"line":12,"column":null}},"3":{"start":{"line":11,"column":4},"end":{"line":11,"column":null}},"4":{"start":{"line":14,"column":8},"end":{"line":17,"column":null}},"5":{"start":{"line":15,"column":4},"end":{"line":15,"column":null}},"6":{"start":{"line":16,"column":4},"end":{"line":16,"column":null}},"7":{"start":{"line":20,"column":4},"end":{"line":26,"column":null}},"8":{"start":{"line":24,"column":21},"end":{"line":24,"column":28}},"9":{"start":{"line":28,"column":2},"end":{"line":71,"column":null}}},"fnMap":{"0":{"name":"Layout","decl":{"start":{"line":6,"column":16},"end":{"line":6,"column":25}},"loc":{"start":{"line":6,"column":25},"end":{"line":73,"column":null}},"line":6},"1":{"name":"(anonymous_1)","decl":{"start":{"line":10,"column":72},"end":{"line":10,"column":77}},"loc":{"start":{"line":10,"column":86},"end":{"line":12,"column":3}},"line":10},"2":{"name":"(anonymous_2)","decl":{"start":{"line":14,"column":8},"end":{"line":14,"column":29}},"loc":{"start":{"line":14,"column":29},"end":{"line":17,"column":null}},"line":14},"3":{"name":"(anonymous_3)","decl":{"start":{"line":24,"column":7},"end":{"line":24,"column":12}},"loc":{"start":{"line":24,"column":21},"end":{"line":24,"column":28}},"line":24}},"branchMap":{"0":{"loc":{"start":{"line":20,"column":4},"end":{"line":26,"column":null}},"type":"binary-expr","locations":[{"start":{"line":20,"column":4},"end":{"line":26,"column":24}},{"start":{"line":26,"column":24},"end":{"line":26,"column":null}}],"line":20},"1":{"loc":{"start":{"line":43,"column":11},"end":{"line":58,"column":null}},"type":"cond-expr","locations":[{"start":{"line":44,"column":12},"end":{"line":58,"column":null}},{"start":{"line":58,"column":14},"end":{"line":58,"column":null}}],"line":43},"2":{"loc":{"start":{"line":46,"column":17},"end":{"line":46,"column":null}},"type":"binary-expr","locations":[{"start":{"line":46,"column":17},"end":{"line":46,"column":29}},{"start":{"line":46,"column":29},"end":{"line":46,"column":null}}],"line":46}},"s":{"0":2,"1":2,"2":2,"3":0,"4":2,"5":0,"6":0,"7":2,"8":2,"9":2},"f":{"0":2,"1":0,"2":0,"3":2},"b":{"0":[2,0],"1":[2,0],"2":[2,0]},"meta":{"lastBranch":3,"lastFunction":4,"lastStatement":10,"seen":{"f:6:16:6:25":0,"s:7:27:7:35":0,"s:8:19:8:31":1,"s:10:49:12:Infinity":2,"f:10:72:10:77":1,"s:11:4:11:Infinity":3,"s:14:8:17:Infinity":4,"f:14:8:14:29":2,"s:15:4:15:Infinity":5,"s:16:4:16:Infinity":6,"s:20:4:26:Infinity":7,"b:20:4:26:24:26:24:26:Infinity":0,"f:24:7:24:12":3,"s:24:21:24:28":8,"s:28:2:71:Infinity":9,"b:44:12:58:Infinity:58:14:58:Infinity":1,"b:46:17:46:29:46:29:46:Infinity":2},"fnNames":{}}}
,"C:\\Users\\jssim\\aarao\\conecthus\\web\\src\\components\\NotificationToast.tsx": {"path":"C:\\Users\\jssim\\aarao\\conecthus\\web\\src\\components\\NotificationToast.tsx","statementMap":{"0":{"start":{"line":9,"column":45},"end":{"line":13,"column":null}},"1":{"start":{"line":16,"column":2},"end":{"line":16,"column":null}},"2":{"start":{"line":16,"column":34},"end":{"line":16,"column":null}},"3":{"start":{"line":18,"column":2},"end":{"line":48,"column":null}},"4":{"start":{"line":28,"column":10},"end":{"line":45,"column":null}},"5":{"start":{"line":41,"column":29},"end":{"line":41,"column":null}}},"fnMap":{"0":{"name":"NotificationToast","decl":{"start":{"line":15,"column":16},"end":{"line":15,"column":34}},"loc":{"start":{"line":15,"column":85},"end":{"line":50,"column":null}},"line":15},"1":{"name":"(anonymous_1)","decl":{"start":{"line":27,"column":23},"end":{"line":27,"column":28}},"loc":{"start":{"line":28,"column":10},"end":{"line":45,"column":null}},"line":28},"2":{"name":"(anonymous_2)","decl":{"start":{"line":41,"column":14},"end":{"line":41,"column":29}},"loc":{"start":{"line":41,"column":29},"end":{"line":41,"column":null}},"line":41}},"branchMap":{"0":{"loc":{"start":{"line":16,"column":2},"end":{"line":16,"column":null}},"type":"if","locations":[{"start":{"line":16,"column":2},"end":{"line":16,"column":null}},{"start":{},"end":{}}],"line":16},"1":{"loc":{"start":{"line":34,"column":23},"end":{"line":34,"column":72}},"type":"binary-expr","locations":[{"start":{"line":34,"column":23},"end":{"line":34,"column":51}},{"start":{"line":34,"column":51},"end":{"line":34,"column":72}}],"line":34},"2":{"loc":{"start":{"line":35,"column":21},"end":{"line":35,"column":50}},"type":"binary-expr","locations":[{"start":{"line":35,"column":21},"end":{"line":35,"column":35}},{"start":{"line":35,"column":35},"end":{"line":35,"column":50}}],"line":35}},"s":{"0":2,"1":6,"2":3,"3":3,"4":6,"5":1},"f":{"0":6,"1":6,"2":1},"b":{"0":[3,3],"1":[6,0],"2":[6,0]},"meta":{"lastBranch":3,"lastFunction":3,"lastStatement":6,"seen":{"s:9:45:13:Infinity":0,"f:15:16:15:34":0,"b:16:2:16:Infinity:undefined:undefined:undefined:undefined":0,"s:16:2:16:Infinity":1,"s:16:34:16:Infinity":2,"s:18:2:48:Infinity":3,"f:27:23:27:28":1,"s:28:10:45:Infinity":4,"b:34:23:34:51:34:51:34:72":1,"b:35:21:35:35:35:35:35:50":2,"f:41:14:41:29":2,"s:41:29:41:Infinity":5},"fnNames":{}}}
,"C:\\Users\\jssim\\aarao\\conecthus\\web\\src\\components\\StatusBadge.tsx": {"path":"C:\\Users\\jssim\\aarao\\conecthus\\web\\src\\components\\StatusBadge.tsx","statementMap":{"0":{"start":{"line":3,"column":43},"end":{"line":7,"column":null}},"1":{"start":{"line":10,"column":2},"end":{"line":13,"column":null}}},"fnMap":{"0":{"name":"StatusBadge","decl":{"start":{"line":9,"column":16},"end":{"line":9,"column":28}},"loc":{"start":{"line":9,"column":64},"end":{"line":15,"column":null}},"line":9}},"branchMap":{},"s":{"0":3,"1":11},"f":{"0":11},"b":{},"meta":{"lastBranch":0,"lastFunction":1,"lastStatement":2,"seen":{"s:3:43:7:Infinity":0,"f:9:16:9:28":0,"s:10:2:13:Infinity":1},"fnNames":{}}}
,"C:\\Users\\jssim\\aarao\\conecthus\\web\\src\\components\\TaskCard.tsx": {"path":"C:\\Users\\jssim\\aarao\\conecthus\\web\\src\\components\\TaskCard.tsx","statementMap":{"0":{"start":{"line":12,"column":2},"end":{"line":12,"column":null}},"1":{"start":{"line":12,"column":12},"end":{"line":12,"column":null}},"2":{"start":{"line":13,"column":15},"end":{"line":13,"column":null}},"3":{"start":{"line":14,"column":2},"end":{"line":14,"column":null}},"4":{"start":{"line":14,"column":36},"end":{"line":14,"column":null}},"5":{"start":{"line":15,"column":2},"end":{"line":15,"column":null}},"6":{"start":{"line":19,"column":14},"end":{"line":19,"column":null}},"7":{"start":{"line":21,"column":2},"end":{"line":61,"column":null}},"8":{"start":{"line":43,"column":29},"end":{"line":43,"column":null}},"9":{"start":{"line":53,"column":29},"end":{"line":53,"column":null}}},"fnMap":{"0":{"name":"formatDate","decl":{"start":{"line":11,"column":9},"end":{"line":11,"column":20}},"loc":{"start":{"line":11,"column":55},"end":{"line":16,"column":null}},"line":11},"1":{"name":"TaskCard","decl":{"start":{"line":18,"column":16},"end":{"line":18,"column":25}},"loc":{"start":{"line":18,"column":66},"end":{"line":63,"column":null}},"line":18},"2":{"name":"(anonymous_2)","decl":{"start":{"line":43,"column":14},"end":{"line":43,"column":29}},"loc":{"start":{"line":43,"column":29},"end":{"line":43,"column":null}},"line":43},"3":{"name":"(anonymous_3)","decl":{"start":{"line":53,"column":14},"end":{"line":53,"column":29}},"loc":{"start":{"line":53,"column":29},"end":{"line":53,"column":null}},"line":53}},"branchMap":{"0":{"loc":{"start":{"line":12,"column":2},"end":{"line":12,"column":null}},"type":"if","locations":[{"start":{"line":12,"column":2},"end":{"line":12,"column":null}},{"start":{},"end":{}}],"line":12},"1":{"loc":{"start":{"line":14,"column":2},"end":{"line":14,"column":null}},"type":"if","locations":[{"start":{"line":14,"column":2},"end":{"line":14,"column":null}},{"start":{},"end":{}}],"line":14},"2":{"loc":{"start":{"line":30,"column":7},"end":{"line":32,"column":null}},"type":"cond-expr","locations":[{"start":{"line":31,"column":8},"end":{"line":32,"column":null}},{"start":{"line":32,"column":10},"end":{"line":32,"column":null}}],"line":30},"3":{"loc":{"start":{"line":36,"column":11},"end":{"line":36,"column":null}},"type":"cond-expr","locations":[{"start":{"line":36,"column":17},"end":{"line":36,"column":37}},{"start":{"line":36,"column":37},"end":{"line":36,"column":null}}],"line":36},"4":{"loc":{"start":{"line":39,"column":11},"end":{"line":48,"column":null}},"type":"cond-expr","locations":[{"start":{"line":40,"column":12},"end":{"line":48,"column":null}},{"start":{"line":48,"column":14},"end":{"line":48,"column":null}}],"line":39},"5":{"loc":{"start":{"line":39,"column":11},"end":{"line":39,"column":null}},"type":"binary-expr","locations":[{"start":{"line":39,"column":11},"end":{"line":39,"column":37}},{"start":{"line":39,"column":37},"end":{"line":39,"column":null}}],"line":39},"6":{"loc":{"start":{"line":49,"column":11},"end":{"line":58,"column":null}},"type":"cond-expr","locations":[{"start":{"line":50,"column":12},"end":{"line":58,"column":null}},{"start":{"line":58,"column":14},"end":{"line":58,"column":null}}],"line":49}},"s":{"0":6,"1":2,"2":4,"3":4,"4":0,"5":4,"6":6,"7":6,"8":1,"9":1},"f":{"0":6,"1":6,"2":1,"3":1},"b":{"0":[2,4],"1":[0,4],"2":[6,0],"3":[4,2],"4":[3,3],"5":[6,5],"6":[3,3]},"meta":{"lastBranch":7,"lastFunction":4,"lastStatement":10,"seen":{"f:11:9:11:20":0,"b:12:2:12:Infinity:undefined:undefined:undefined:undefined":0,"s:12:2:12:Infinity":0,"s:12:12:12:Infinity":1,"s:13:15:13:Infinity":2,"b:14:2:14:Infinity:undefined:undefined:undefined:undefined":1,"s:14:2:14:Infinity":3,"s:14:36:14:Infinity":4,"s:15:2:15:Infinity":5,"f:18:16:18:25":1,"s:19:14:19:Infinity":6,"s:21:2:61:Infinity":7,"b:31:8:32:Infinity:32:10:32:Infinity":2,"b:36:17:36:37:36:37:36:Infinity":3,"b:40:12:48:Infinity:48:14:48:Infinity":4,"b:39:11:39:37:39:37:39:Infinity":5,"f:43:14:43:29":2,"s:43:29:43:Infinity":8,"b:50:12:58:Infinity:58:14:58:Infinity":6,"f:53:14:53:29":3,"s:53:29:53:Infinity":9},"fnNames":{}}}
,"C:\\Users\\jssim\\aarao\\conecthus\\web\\src\\components\\TaskFilters.tsx": {"path":"C:\\Users\\jssim\\aarao\\conecthus\\web\\src\\components\\TaskFilters.tsx","statementMap":{"0":{"start":{"line":8,"column":73},"end":{"line":13,"column":null}},"1":{"start":{"line":16,"column":8},"end":{"line":16,"column":null}},"2":{"start":{"line":16,"column":49},"end":{"line":16,"column":null}},"3":{"start":{"line":18,"column":21},"end":{"line":20,"column":null}},"4":{"start":{"line":22,"column":2},"end":{"line":86,"column":null}},"5":{"start":{"line":25,"column":27},"end":{"line":25,"column":null}},"6":{"start":{"line":33,"column":12},"end":{"line":33,"column":null}},"7":{"start":{"line":38,"column":12},"end":{"line":40,"column":null}},"8":{"start":{"line":51,"column":31},"end":{"line":51,"column":null}},"9":{"start":{"line":61,"column":31},"end":{"line":61,"column":null}},"10":{"start":{"line":71,"column":31},"end":{"line":71,"column":null}},"11":{"start":{"line":80,"column":25},"end":{"line":80,"column":null}}},"fnMap":{"0":{"name":"TaskFilters","decl":{"start":{"line":15,"column":16},"end":{"line":15,"column":28}},"loc":{"start":{"line":15,"column":58},"end":{"line":88,"column":null}},"line":15},"1":{"name":"(anonymous_1)","decl":{"start":{"line":16,"column":8},"end":{"line":16,"column":17}},"loc":{"start":{"line":16,"column":49},"end":{"line":16,"column":null}},"line":16},"2":{"name":"(anonymous_2)","decl":{"start":{"line":25,"column":6},"end":{"line":25,"column":17}},"loc":{"start":{"line":25,"column":27},"end":{"line":25,"column":null}},"line":25},"3":{"name":"(anonymous_3)","decl":{"start":{"line":32,"column":10},"end":{"line":32,"column":21}},"loc":{"start":{"line":33,"column":12},"end":{"line":33,"column":null}},"line":33},"4":{"name":"(anonymous_4)","decl":{"start":{"line":37,"column":26},"end":{"line":37,"column":31}},"loc":{"start":{"line":38,"column":12},"end":{"line":40,"column":null}},"line":38},"5":{"name":"(anonymous_5)","decl":{"start":{"line":51,"column":10},"end":{"line":51,"column":21}},"loc":{"start":{"line":51,"column":31},"end":{"line":51,"column":null}},"line":51},"6":{"name":"(anonymous_6)","decl":{"start":{"line":61,"column":10},"end":{"line":61,"column":21}},"loc":{"start":{"line":61,"column":31},"end":{"line":61,"column":null}},"line":61},"7":{"name":"(anonymous_7)","decl":{"start":{"line":71,"column":10},"end":{"line":71,"column":21}},"loc":{"start":{"line":71,"column":31},"end":{"line":71,"column":null}},"line":71},"8":{"name":"(anonymous_8)","decl":{"start":{"line":80,"column":10},"end":{"line":80,"column":25}},"loc":{"start":{"line":80,"column":25},"end":{"line":80,"column":null}},"line":80}},"branchMap":{"0":{"loc":{"start":{"line":19,"column":4},"end":{"line":19,"column":null}},"type":"binary-expr","locations":[{"start":{"line":19,"column":4},"end":{"line":19,"column":22}},{"start":{"line":19,"column":22},"end":{"line":19,"column":40}},{"start":{"line":19,"column":40},"end":{"line":19,"column":63}},{"start":{"line":19,"column":63},"end":{"line":19,"column":null}}],"line":19},"1":{"loc":{"start":{"line":31,"column":17},"end":{"line":31,"column":null}},"type":"binary-expr","locations":[{"start":{"line":31,"column":17},"end":{"line":31,"column":35}},{"start":{"line":31,"column":35},"end":{"line":31,"column":null}}],"line":31},"2":{"loc":{"start":{"line":38,"column":25},"end":{"line":38,"column":48}},"type":"binary-expr","locations":[{"start":{"line":38,"column":25},"end":{"line":38,"column":41}},{"start":{"line":38,"column":41},"end":{"line":38,"column":48}}],"line":38},"3":{"loc":{"start":{"line":50,"column":17},"end":{"line":50,"column":null}},"type":"binary-expr","locations":[{"start":{"line":50,"column":17},"end":{"line":50,"column":35}},{"start":{"line":50,"column":35},"end":{"line":50,"column":null}}],"line":50},"4":{"loc":{"start":{"line":60,"column":17},"end":{"line":60,"column":null}},"type":"binary-expr","locations":[{"start":{"line":60,"column":17},"end":{"line":60,"column":40}},{"start":{"line":60,"column":40},"end":{"line":60,"column":null}}],"line":60},"5":{"loc":{"start":{"line":70,"column":17},"end":{"line":70,"column":null}},"type":"binary-expr","locations":[{"start":{"line":70,"column":17},"end":{"line":70,"column":38}},{"start":{"line":70,"column":38},"end":{"line":70,"column":null}}],"line":70},"6":{"loc":{"start":{"line":76,"column":7},"end":{"line":85,"column":null}},"type":"cond-expr","locations":[{"start":{"line":77,"column":8},"end":{"line":85,"column":null}},{"start":{"line":85,"column":10},"end":{"line":85,"column":null}}],"line":76}},"s":{"0":2,"1":13,"2":5,"3":13,"4":13,"5":0,"6":1,"7":52,"8":3,"9":1,"10":0,"11":2},"f":{"0":13,"1":5,"2":0,"3":1,"4":52,"5":3,"6":1,"7":0,"8":2},"b":{"0":[13,11,8,8],"1":[13,11],"2":[52,13],"3":[13,10],"4":[13,13],"5":[13,13],"6":[5,8]},"meta":{"lastBranch":7,"lastFunction":9,"lastStatement":12,"seen":{"s:8:73:13:Infinity":0,"f:15:16:15:28":0,"s:16:8:16:Infinity":1,"f:16:8:16:17":1,"s:16:49:16:Infinity":2,"s:18:21:20:Infinity":3,"b:19:4:19:22:19:22:19:40:19:40:19:63:19:63:19:Infinity":0,"s:22:2:86:Infinity":4,"f:25:6:25:17":2,"s:25:27:25:Infinity":5,"b:31:17:31:35:31:35:31:Infinity":1,"f:32:10:32:21":3,"s:33:12:33:Infinity":6,"f:37:26:37:31":4,"s:38:12:40:Infinity":7,"b:38:25:38:41:38:41:38:48":2,"b:50:17:50:35:50:35:50:Infinity":3,"f:51:10:51:21":5,"s:51:31:51:Infinity":8,"b:60:17:60:40:60:40:60:Infinity":4,"f:61:10:61:21":6,"s:61:31:61:Infinity":9,"b:70:17:70:38:70:38:70:Infinity":5,"f:71:10:71:21":7,"s:71:31:71:Infinity":10,"b:77:8:85:Infinity:85:10:85:Infinity":6,"f:80:10:80:25":8,"s:80:25:80:Infinity":11},"fnNames":{}}}
,"C:\\Users\\jssim\\aarao\\conecthus\\web\\src\\mqtt\\useNotifications.ts": {"path":"C:\\Users\\jssim\\aarao\\conecthus\\web\\src\\mqtt\\useNotifications.ts","statementMap":{"0":{"start":{"line":13,"column":2},"end":{"line":13,"column":null}},"1":{"start":{"line":13,"column":37},"end":{"line":13,"column":null}},"2":{"start":{"line":14,"column":16},"end":{"line":14,"column":null}},"3":{"start":{"line":15,"column":2},"end":{"line":15,"column":null}},"4":{"start":{"line":22,"column":44},"end":{"line":22,"column":null}},"5":{"start":{"line":23,"column":28},"end":{"line":23,"column":null}},"6":{"start":{"line":25,"column":2},"end":{"line":27,"column":null}},"7":{"start":{"line":26,"column":4},"end":{"line":26,"column":null}},"8":{"start":{"line":29,"column":2},"end":{"line":60,"column":null}},"9":{"start":{"line":30,"column":4},"end":{"line":30,"column":null}},"10":{"start":{"line":30,"column":17},"end":{"line":30,"column":null}},"11":{"start":{"line":31,"column":19},"end":{"line":34,"column":null}},"12":{"start":{"line":36,"column":4},"end":{"line":38,"column":null}},"13":{"start":{"line":37,"column":6},"end":{"line":37,"column":null}},"14":{"start":{"line":40,"column":4},"end":{"line":55,"column":null}},"15":{"start":{"line":41,"column":6},"end":{"line":54,"column":null}},"16":{"start":{"line":42,"column":21},"end":{"line":42,"column":null}},"17":{"start":{"line":43,"column":39},"end":{"line":49,"column":null}},"18":{"start":{"line":50,"column":8},"end":{"line":50,"column":null}},"19":{"start":{"line":50,"column":35},"end":{"line":50,"column":63}},"20":{"start":{"line":51,"column":8},"end":{"line":51,"column":null}},"21":{"start":{"line":57,"column":4},"end":{"line":59,"column":null}},"22":{"start":{"line":58,"column":6},"end":{"line":58,"column":null}},"23":{"start":{"line":62,"column":8},"end":{"line":63,"column":null}},"24":{"start":{"line":63,"column":4},"end":{"line":63,"column":null}},"25":{"start":{"line":63,"column":31},"end":{"line":63,"column":71}},"26":{"start":{"line":63,"column":57},"end":{"line":63,"column":70}},"27":{"start":{"line":65,"column":8},"end":{"line":65,"column":null}},"28":{"start":{"line":65,"column":27},"end":{"line":65,"column":null}},"29":{"start":{"line":67,"column":2},"end":{"line":67,"column":null}},"30":{"start":{"line":70,"column":35},"end":{"line":70,"column":null}}},"fnMap":{"0":{"name":"defaultMqttUrl","decl":{"start":{"line":12,"column":9},"end":{"line":12,"column":34}},"loc":{"start":{"line":12,"column":34},"end":{"line":16,"column":null}},"line":12},"1":{"name":"useNotifications","decl":{"start":{"line":18,"column":16},"end":{"line":18,"column":null}},"loc":{"start":{"line":21,"column":2},"end":{"line":68,"column":null}},"line":21},"2":{"name":"(anonymous_2)","decl":{"start":{"line":25,"column":2},"end":{"line":25,"column":18}},"loc":{"start":{"line":25,"column":18},"end":{"line":27,"column":5}},"line":25},"3":{"name":"(anonymous_3)","decl":{"start":{"line":29,"column":2},"end":{"line":29,"column":18}},"loc":{"start":{"line":29,"column":18},"end":{"line":60,"column":5}},"line":29},"4":{"name":"(anonymous_4)","decl":{"start":{"line":36,"column":14},"end":{"line":36,"column":31}},"loc":{"start":{"line":36,"column":31},"end":{"line":38,"column":5}},"line":36},"5":{"name":"(anonymous_5)","decl":{"start":{"line":40,"column":14},"end":{"line":40,"column":26}},"loc":{"start":{"line":40,"column":46},"end":{"line":55,"column":5}},"line":40},"6":{"name":"(anonymous_6)","decl":{"start":{"line":50,"column":8},"end":{"line":50,"column":26}},"loc":{"start":{"line":50,"column":35},"end":{"line":50,"column":63}},"line":50},"7":{"name":"(anonymous_7)","decl":{"start":{"line":57,"column":4},"end":{"line":57,"column":17}},"loc":{"start":{"line":57,"column":17},"end":{"line":59,"column":null}},"line":57},"8":{"name":"(anonymous_8)","decl":{"start":{"line":62,"column":8},"end":{"line":62,"column":19}},"loc":{"start":{"line":63,"column":4},"end":{"line":63,"column":null}},"line":63},"9":{"name":"(anonymous_9)","decl":{"start":{"line":63,"column":4},"end":{"line":63,"column":22}},"loc":{"start":{"line":63,"column":31},"end":{"line":63,"column":71}},"line":63},"10":{"name":"(anonymous_10)","decl":{"start":{"line":63,"column":36},"end":{"line":63,"column":44}},"loc":{"start":{"line":63,"column":57},"end":{"line":63,"column":70}},"line":63},"11":{"name":"(anonymous_11)","decl":{"start":{"line":65,"column":8},"end":{"line":65,"column":27}},"loc":{"start":{"line":65,"column":27},"end":{"line":65,"column":null}},"line":65}},"branchMap":{"0":{"loc":{"start":{"line":13,"column":2},"end":{"line":13,"column":null}},"type":"if","locations":[{"start":{"line":13,"column":2},"end":{"line":13,"column":null}},{"start":{},"end":{}}],"line":13},"1":{"loc":{"start":{"line":14,"column":16},"end":{"line":14,"column":null}},"type":"cond-expr","locations":[{"start":{"line":14,"column":56},"end":{"line":14,"column":64}},{"start":{"line":14,"column":64},"end":{"line":14,"column":null}}],"line":14},"2":{"loc":{"start":{"line":30,"column":4},"end":{"line":30,"column":null}},"type":"if","locations":[{"start":{"line":30,"column":4},"end":{"line":30,"column":null}},{"start":{},"end":{}}],"line":30},"3":{"loc":{"start":{"line":44,"column":24},"end":{"line":44,"column":44}},"type":"binary-expr","locations":[{"start":{"line":44,"column":24},"end":{"line":44,"column":38}},{"start":{"line":44,"column":38},"end":{"line":44,"column":44}}],"line":44},"4":{"loc":{"start":{"line":45,"column":25},"end":{"line":45,"column":41}},"type":"binary-expr","locations":[{"start":{"line":45,"column":25},"end":{"line":45,"column":40}},{"start":{"line":45,"column":40},"end":{"line":45,"column":41}}],"line":45},"5":{"loc":{"start":{"line":46,"column":24},"end":{"line":46,"column":40}},"type":"binary-expr","locations":[{"start":{"line":46,"column":24},"end":{"line":46,"column":38}},{"start":{"line":46,"column":38},"end":{"line":46,"column":40}}],"line":46},"6":{"loc":{"start":{"line":47,"column":26},"end":{"line":47,"column":61}},"type":"binary-expr","locations":[{"start":{"line":47,"column":26},"end":{"line":47,"column":42}},{"start":{"line":47,"column":42},"end":{"line":47,"column":61}}],"line":47}},"s":{"0":4,"1":0,"2":4,"3":4,"4":10,"5":10,"6":10,"7":5,"8":10,"9":5,"10":1,"11":4,"12":4,"13":4,"14":4,"15":6,"16":6,"17":6,"18":6,"19":5,"20":6,"21":4,"22":4,"23":10,"24":1,"25":1,"26":1,"27":10,"28":1,"29":10,"30":3},"f":{"0":4,"1":10,"2":5,"3":5,"4":4,"5":6,"6":5,"7":4,"8":1,"9":1,"10":1,"11":1},"b":{"0":[0,4],"1":[0,4],"2":[1,4],"3":[6,0],"4":[6,4],"5":[6,0],"6":[6,5]},"meta":{"lastBranch":7,"lastFunction":12,"lastStatement":31,"seen":{"f:12:9:12:34":0,"b:13:2:13:Infinity:undefined:undefined:undefined:undefined":0,"s:13:2:13:Infinity":0,"s:13:37:13:Infinity":1,"s:14:16:14:Infinity":2,"b:14:56:14:64:14:64:14:Infinity":1,"s:15:2:15:Infinity":3,"f:18:16:18:Infinity":1,"s:22:44:22:Infinity":4,"s:23:28:23:Infinity":5,"s:25:2:27:Infinity":6,"f:25:2:25:18":2,"s:26:4:26:Infinity":7,"s:29:2:60:Infinity":8,"f:29:2:29:18":3,"b:30:4:30:Infinity:undefined:undefined:undefined:undefined":2,"s:30:4:30:Infinity":9,"s:30:17:30:Infinity":10,"s:31:19:34:Infinity":11,"s:36:4:38:Infinity":12,"f:36:14:36:31":4,"s:37:6:37:Infinity":13,"s:40:4:55:Infinity":14,"f:40:14:40:26":5,"s:41:6:54:Infinity":15,"s:42:21:42:Infinity":16,"s:43:39:49:Infinity":17,"b:44:24:44:38:44:38:44:44":3,"b:45:25:45:40:45:40:45:41":4,"b:46:24:46:38:46:38:46:40":5,"b:47:26:47:42:47:42:47:61":6,"s:50:8:50:Infinity":18,"f:50:8:50:26":6,"s:50:35:50:63":19,"s:51:8:51:Infinity":20,"s:57:4:59:Infinity":21,"f:57:4:57:17":7,"s:58:6:58:Infinity":22,"s:62:8:63:Infinity":23,"f:62:8:62:19":8,"s:63:4:63:Infinity":24,"f:63:4:63:22":9,"s:63:31:63:71":25,"f:63:36:63:44":10,"s:63:57:63:70":26,"s:65:8:65:Infinity":27,"f:65:8:65:27":11,"s:65:27:65:Infinity":28,"s:67:2:67:Infinity":29,"s:70:35:70:Infinity":30},"fnNames":{}}}
,"C:\\Users\\jssim\\aarao\\conecthus\\web\\src\\pages\\LoginPage.tsx": {"path":"C:\\Users\\jssim\\aarao\\conecthus\\web\\src\\pages\\LoginPage.tsx","statementMap":{"0":{"start":{"line":11,"column":20},"end":{"line":11,"column":28}},"1":{"start":{"line":12,"column":19},"end":{"line":12,"column":31}},"2":{"start":{"line":13,"column":19},"end":{"line":13,"column":31}},"3":{"start":{"line":15,"column":28},"end":{"line":15,"column":null}},"4":{"start":{"line":16,"column":34},"end":{"line":16,"column":null}},"5":{"start":{"line":17,"column":28},"end":{"line":17,"column":null}},"6":{"start":{"line":18,"column":38},"end":{"line":18,"column":null}},"7":{"start":{"line":20,"column":16},"end":{"line":20,"column":null}},"8":{"start":{"line":22,"column":23},"end":{"line":34,"column":null}},"9":{"start":{"line":23,"column":4},"end":{"line":23,"column":null}},"10":{"start":{"line":24,"column":4},"end":{"line":24,"column":null}},"11":{"start":{"line":25,"column":4},"end":{"line":25,"column":null}},"12":{"start":{"line":26,"column":4},"end":{"line":33,"column":null}},"13":{"start":{"line":27,"column":6},"end":{"line":27,"column":null}},"14":{"start":{"line":28,"column":6},"end":{"line":28,"column":null}},"15":{"start":{"line":30,"column":6},"end":{"line":30,"column":null}},"16":{"start":{"line":32,"column":6},"end":{"line":32,"column":null}},"17":{"start":{"line":36,"column":2},"end":{"line":85,"column":null}},"18":{"start":{"line":55,"column":33},"end":{"line":55,"column":null}},"19":{"start":{"line":67,"column":33},"end":{"line":67,"column":null}}},"fnMap":{"0":{"name":"LoginPage","decl":{"start":{"line":10,"column":16},"end":{"line":10,"column":28}},"loc":{"start":{"line":10,"column":28},"end":{"line":87,"column":null}},"line":10},"1":{"name":"(anonymous_1)","decl":{"start":{"line":22,"column":23},"end":{"line":22,"column":30}},"loc":{"start":{"line":22,"column":51},"end":{"line":34,"column":null}},"line":22},"2":{"name":"(anonymous_2)","decl":{"start":{"line":55,"column":12},"end":{"line":55,"column":23}},"loc":{"start":{"line":55,"column":33},"end":{"line":55,"column":null}},"line":55},"3":{"name":"(anonymous_3)","decl":{"start":{"line":67,"column":12},"end":{"line":67,"column":23}},"loc":{"start":{"line":67,"column":33},"end":{"line":67,"column":null}},"line":67}},"branchMap":{"0":{"loc":{"start":{"line":20,"column":16},"end":{"line":20,"column":null}},"type":"binary-expr","locations":[{"start":{"line":20,"column":16},"end":{"line":20,"column":65}},{"start":{"line":20,"column":65},"end":{"line":20,"column":null}}],"line":20},"1":{"loc":{"start":{"line":42,"column":9},"end":{"line":46,"column":null}},"type":"cond-expr","locations":[{"start":{"line":43,"column":10},"end":{"line":46,"column":null}},{"start":{"line":46,"column":12},"end":{"line":46,"column":null}}],"line":42},"2":{"loc":{"start":{"line":78,"column":11},"end":{"line":78,"column":null}},"type":"cond-expr","locations":[{"start":{"line":78,"column":24},"end":{"line":78,"column":38}},{"start":{"line":78,"column":38},"end":{"line":78,"column":null}}],"line":78}},"s":{"0":49,"1":49,"2":49,"3":49,"4":49,"5":49,"6":49,"7":49,"8":49,"9":2,"10":2,"11":2,"12":2,"13":2,"14":1,"15":1,"16":2,"17":49,"18":30,"19":11},"f":{"0":49,"1":2,"2":30,"3":11},"b":{"0":[49,48],"1":[1,48],"2":[2,47]},"meta":{"lastBranch":3,"lastFunction":4,"lastStatement":20,"seen":{"f:10:16:10:28":0,"s:11:20:11:28":0,"s:12:19:12:31":1,"s:13:19:13:31":2,"s:15:28:15:Infinity":3,"s:16:34:16:Infinity":4,"s:17:28:17:Infinity":5,"s:18:38:18:Infinity":6,"s:20:16:20:Infinity":7,"b:20:16:20:65:20:65:20:Infinity":0,"s:22:23:34:Infinity":8,"f:22:23:22:30":1,"s:23:4:23:Infinity":9,"s:24:4:24:Infinity":10,"s:25:4:25:Infinity":11,"s:26:4:33:Infinity":12,"s:27:6:27:Infinity":13,"s:28:6:28:Infinity":14,"s:30:6:30:Infinity":15,"s:32:6:32:Infinity":16,"s:36:2:85:Infinity":17,"b:43:10:46:Infinity:46:12:46:Infinity":1,"f:55:12:55:23":2,"s:55:33:55:Infinity":18,"f:67:12:67:23":3,"s:67:33:67:Infinity":19,"b:78:24:78:38:78:38:78:Infinity":2},"fnNames":{}}}
,"C:\\Users\\jssim\\aarao\\conecthus\\web\\src\\pages\\RegisterPage.tsx": {"path":"C:\\Users\\jssim\\aarao\\conecthus\\web\\src\\pages\\RegisterPage.tsx","statementMap":{"0":{"start":{"line":7,"column":23},"end":{"line":7,"column":31}},"1":{"start":{"line":8,"column":19},"end":{"line":8,"column":31}},"2":{"start":{"line":10,"column":26},"end":{"line":10,"column":null}},"3":{"start":{"line":11,"column":28},"end":{"line":11,"column":null}},"4":{"start":{"line":12,"column":34},"end":{"line":12,"column":null}},"5":{"start":{"line":13,"column":28},"end":{"line":13,"column":null}},"6":{"start":{"line":14,"column":38},"end":{"line":14,"column":null}},"7":{"start":{"line":16,"column":23},"end":{"line":28,"column":null}},"8":{"start":{"line":17,"column":4},"end":{"line":17,"column":null}},"9":{"start":{"line":18,"column":4},"end":{"line":18,"column":null}},"10":{"start":{"line":19,"column":4},"end":{"line":19,"column":null}},"11":{"start":{"line":20,"column":4},"end":{"line":27,"column":null}},"12":{"start":{"line":21,"column":6},"end":{"line":21,"column":null}},"13":{"start":{"line":22,"column":6},"end":{"line":22,"column":null}},"14":{"start":{"line":24,"column":6},"end":{"line":24,"column":null}},"15":{"start":{"line":26,"column":6},"end":{"line":26,"column":null}},"16":{"start":{"line":30,"column":2},"end":{"line":92,"column":null}},"17":{"start":{"line":49,"column":33},"end":{"line":49,"column":null}},"18":{"start":{"line":61,"column":33},"end":{"line":61,"column":null}},"19":{"start":{"line":74,"column":33},"end":{"line":74,"column":null}}},"fnMap":{"0":{"name":"RegisterPage","decl":{"start":{"line":6,"column":16},"end":{"line":6,"column":31}},"loc":{"start":{"line":6,"column":31},"end":{"line":94,"column":null}},"line":6},"1":{"name":"(anonymous_1)","decl":{"start":{"line":16,"column":23},"end":{"line":16,"column":30}},"loc":{"start":{"line":16,"column":51},"end":{"line":28,"column":null}},"line":16},"2":{"name":"(anonymous_2)","decl":{"start":{"line":49,"column":12},"end":{"line":49,"column":23}},"loc":{"start":{"line":49,"column":33},"end":{"line":49,"column":null}},"line":49},"3":{"name":"(anonymous_3)","decl":{"start":{"line":61,"column":12},"end":{"line":61,"column":23}},"loc":{"start":{"line":61,"column":33},"end":{"line":61,"column":null}},"line":61},"4":{"name":"(anonymous_4)","decl":{"start":{"line":74,"column":12},"end":{"line":74,"column":23}},"loc":{"start":{"line":74,"column":33},"end":{"line":74,"column":null}},"line":74}},"branchMap":{"0":{"loc":{"start":{"line":36,"column":9},"end":{"line":40,"column":null}},"type":"cond-expr","locations":[{"start":{"line":37,"column":10},"end":{"line":40,"column":null}},{"start":{"line":40,"column":12},"end":{"line":40,"column":null}}],"line":36},"1":{"loc":{"start":{"line":85,"column":11},"end":{"line":85,"column":null}},"type":"cond-expr","locations":[{"start":{"line":85,"column":24},"end":{"line":85,"column":43}},{"start":{"line":85,"column":43},"end":{"line":85,"column":null}}],"line":85}},"s":{"0":57,"1":57,"2":57,"3":57,"4":57,"5":57,"6":57,"7":57,"8":2,"9":2,"10":2,"11":2,"12":2,"13":1,"14":1,"15":2,"16":57,"17":6,"18":30,"19":14},"f":{"0":57,"1":2,"2":6,"3":30,"4":14},"b":{"0":[1,56],"1":[2,55]},"meta":{"lastBranch":2,"lastFunction":5,"lastStatement":20,"seen":{"f:6:16:6:31":0,"s:7:23:7:31":0,"s:8:19:8:31":1,"s:10:26:10:Infinity":2,"s:11:28:11:Infinity":3,"s:12:34:12:Infinity":4,"s:13:28:13:Infinity":5,"s:14:38:14:Infinity":6,"s:16:23:28:Infinity":7,"f:16:23:16:30":1,"s:17:4:17:Infinity":8,"s:18:4:18:Infinity":9,"s:19:4:19:Infinity":10,"s:20:4:27:Infinity":11,"s:21:6:21:Infinity":12,"s:22:6:22:Infinity":13,"s:24:6:24:Infinity":14,"s:26:6:26:Infinity":15,"s:30:2:92:Infinity":16,"b:37:10:40:Infinity:40:12:40:Infinity":0,"f:49:12:49:23":2,"s:49:33:49:Infinity":17,"f:61:12:61:23":3,"s:61:33:61:Infinity":18,"f:74:12:74:23":4,"s:74:33:74:Infinity":19,"b:85:24:85:43:85:43:85:Infinity":1},"fnNames":{}}}
,"C:\\Users\\jssim\\aarao\\conecthus\\web\\src\\pages\\TaskDetailPage.tsx": {"path":"C:\\Users\\jssim\\aarao\\conecthus\\web\\src\\pages\\TaskDetailPage.tsx","statementMap":{"0":{"start":{"line":10,"column":2},"end":{"line":10,"column":null}},"1":{"start":{"line":10,"column":12},"end":{"line":10,"column":null}},"2":{"start":{"line":11,"column":15},"end":{"line":11,"column":null}},"3":{"start":{"line":12,"column":2},"end":{"line":12,"column":null}},"4":{"start":{"line":12,"column":36},"end":{"line":12,"column":null}},"5":{"start":{"line":13,"column":2},"end":{"line":13,"column":null}},"6":{"start":{"line":17,"column":17},"end":{"line":17,"column":27}},"7":{"start":{"line":18,"column":17},"end":{"line":18,"column":null}},"8":{"start":{"line":19,"column":19},"end":{"line":19,"column":31}},"9":{"start":{"line":21,"column":26},"end":{"line":21,"column":null}},"10":{"start":{"line":22,"column":32},"end":{"line":22,"column":null}},"11":{"start":{"line":23,"column":28},"end":{"line":23,"column":null}},"12":{"start":{"line":25,"column":2},"end":{"line":33,"column":null}},"13":{"start":{"line":26,"column":4},"end":{"line":32,"column":null}},"14":{"start":{"line":28,"column":8},"end":{"line":28,"column":null}},"15":{"start":{"line":29,"column":8},"end":{"line":29,"column":null}},"16":{"start":{"line":31,"column":22},"end":{"line":31,"column":52}},"17":{"start":{"line":32,"column":21},"end":{"line":32,"column":38}},"18":{"start":{"line":35,"column":21},"end":{"line":44,"column":null}},"19":{"start":{"line":36,"column":4},"end":{"line":36,"column":null}},"20":{"start":{"line":36,"column":15},"end":{"line":36,"column":null}},"21":{"start":{"line":37,"column":4},"end":{"line":43,"column":null}},"22":{"start":{"line":38,"column":23},"end":{"line":38,"column":null}},"23":{"start":{"line":39,"column":6},"end":{"line":39,"column":null}},"24":{"start":{"line":40,"column":6},"end":{"line":40,"column":null}},"25":{"start":{"line":42,"column":6},"end":{"line":42,"column":null}},"26":{"start":{"line":46,"column":23},"end":{"line":56,"column":null}},"27":{"start":{"line":47,"column":4},"end":{"line":47,"column":null}},"28":{"start":{"line":47,"column":15},"end":{"line":47,"column":null}},"29":{"start":{"line":48,"column":4},"end":{"line":48,"column":null}},"30":{"start":{"line":48,"column":62},"end":{"line":48,"column":null}},"31":{"start":{"line":49,"column":4},"end":{"line":55,"column":null}},"32":{"start":{"line":50,"column":6},"end":{"line":50,"column":null}},"33":{"start":{"line":51,"column":6},"end":{"line":51,"column":null}},"34":{"start":{"line":52,"column":6},"end":{"line":52,"column":null}},"35":{"start":{"line":54,"column":6},"end":{"line":54,"column":null}},"36":{"start":{"line":58,"column":2},"end":{"line":58,"column":null}},"37":{"start":{"line":58,"column":15},"end":{"line":58,"column":null}},"38":{"start":{"line":60,"column":2},"end":{"line":71,"column":null}},"39":{"start":{"line":61,"column":4},"end":{"line":69,"column":null}},"40":{"start":{"line":73,"column":2},"end":{"line":117,"column":null}}},"fnMap":{"0":{"name":"formatDate","decl":{"start":{"line":9,"column":9},"end":{"line":9,"column":20}},"loc":{"start":{"line":9,"column":48},"end":{"line":14,"column":null}},"line":9},"1":{"name":"TaskDetailPage","decl":{"start":{"line":16,"column":16},"end":{"line":16,"column":33}},"loc":{"start":{"line":16,"column":33},"end":{"line":119,"column":null}},"line":16},"2":{"name":"(anonymous_2)","decl":{"start":{"line":25,"column":2},"end":{"line":25,"column":18}},"loc":{"start":{"line":25,"column":18},"end":{"line":33,"column":5}},"line":25},"3":{"name":"(anonymous_3)","decl":{"start":{"line":27,"column":7},"end":{"line":27,"column":13}},"loc":{"start":{"line":27,"column":26},"end":{"line":30,"column":7}},"line":27},"4":{"name":"(anonymous_4)","decl":{"start":{"line":31,"column":7},"end":{"line":31,"column":14}},"loc":{"start":{"line":31,"column":22},"end":{"line":31,"column":52}},"line":31},"5":{"name":"(anonymous_5)","decl":{"start":{"line":32,"column":7},"end":{"line":32,"column":21}},"loc":{"start":{"line":32,"column":21},"end":{"line":32,"column":38}},"line":32},"6":{"name":"(anonymous_6)","decl":{"start":{"line":35,"column":21},"end":{"line":35,"column":33}},"loc":{"start":{"line":35,"column":33},"end":{"line":44,"column":null}},"line":35},"7":{"name":"(anonymous_7)","decl":{"start":{"line":46,"column":23},"end":{"line":46,"column":35}},"loc":{"start":{"line":46,"column":35},"end":{"line":56,"column":null}},"line":46}},"branchMap":{"0":{"loc":{"start":{"line":10,"column":2},"end":{"line":10,"column":null}},"type":"if","locations":[{"start":{"line":10,"column":2},"end":{"line":10,"column":null}},{"start":{},"end":{}}],"line":10},"1":{"loc":{"start":{"line":12,"column":2},"end":{"line":12,"column":null}},"type":"if","locations":[{"start":{"line":12,"column":2},"end":{"line":12,"column":null}},{"start":{},"end":{}}],"line":12},"2":{"loc":{"start":{"line":36,"column":4},"end":{"line":36,"column":null}},"type":"if","locations":[{"start":{"line":36,"column":4},"end":{"line":36,"column":null}},{"start":{},"end":{}}],"line":36},"3":{"loc":{"start":{"line":47,"column":4},"end":{"line":47,"column":null}},"type":"if","locations":[{"start":{"line":47,"column":4},"end":{"line":47,"column":null}},{"start":{},"end":{}}],"line":47},"4":{"loc":{"start":{"line":48,"column":4},"end":{"line":48,"column":null}},"type":"if","locations":[{"start":{"line":48,"column":4},"end":{"line":48,"column":null}},{"start":{},"end":{}}],"line":48},"5":{"loc":{"start":{"line":58,"column":2},"end":{"line":58,"column":null}},"type":"if","locations":[{"start":{"line":58,"column":2},"end":{"line":58,"column":null}},{"start":{},"end":{}}],"line":58},"6":{"loc":{"start":{"line":60,"column":2},"end":{"line":71,"column":null}},"type":"if","locations":[{"start":{"line":60,"column":2},"end":{"line":71,"column":null}},{"start":{},"end":{}}],"line":60},"7":{"loc":{"start":{"line":64,"column":11},"end":{"line":64,"column":null}},"type":"binary-expr","locations":[{"start":{"line":64,"column":11},"end":{"line":64,"column":20}},{"start":{"line":64,"column":20},"end":{"line":64,"column":null}}],"line":64},"8":{"loc":{"start":{"line":82,"column":7},"end":{"line":86,"column":null}},"type":"cond-expr","locations":[{"start":{"line":83,"column":8},"end":{"line":86,"column":null}},{"start":{"line":86,"column":10},"end":{"line":86,"column":null}}],"line":82},"9":{"loc":{"start":{"line":98,"column":17},"end":{"line":98,"column":79}},"type":"cond-expr","locations":[{"start":{"line":98,"column":44},"end":{"line":98,"column":71}},{"start":{"line":98,"column":71},"end":{"line":98,"column":79}}],"line":98},"10":{"loc":{"start":{"line":102,"column":17},"end":{"line":102,"column":58}},"type":"binary-expr","locations":[{"start":{"line":102,"column":17},"end":{"line":102,"column":37}},{"start":{"line":102,"column":37},"end":{"line":102,"column":58}}],"line":102},"11":{"loc":{"start":{"line":107,"column":11},"end":{"line":111,"column":null}},"type":"cond-expr","locations":[{"start":{"line":108,"column":12},"end":{"line":111,"column":null}},{"start":{"line":111,"column":14},"end":{"line":111,"column":null}}],"line":107}},"s":{"0":20,"1":0,"2":20,"3":20,"4":0,"5":20,"6":9,"7":9,"8":9,"9":9,"10":9,"11":9,"12":9,"13":4,"14":4,"15":4,"16":0,"17":4,"18":9,"19":1,"20":0,"21":1,"22":1,"23":1,"24":1,"25":0,"26":9,"27":2,"28":0,"29":2,"30":1,"31":1,"32":1,"33":1,"34":1,"35":0,"36":9,"37":4,"38":5,"39":0,"40":5},"f":{"0":20,"1":9,"2":4,"3":4,"4":0,"5":4,"6":1,"7":2},"b":{"0":[0,20],"1":[0,20],"2":[0,1],"3":[0,2],"4":[1,1],"5":[4,5],"6":[0,5],"7":[0,0],"8":[0,5],"9":[5,0],"10":[9,0],"11":[4,1]},"meta":{"lastBranch":12,"lastFunction":8,"lastStatement":41,"seen":{"f:9:9:9:20":0,"b:10:2:10:Infinity:undefined:undefined:undefined:undefined":0,"s:10:2:10:Infinity":0,"s:10:12:10:Infinity":1,"s:11:15:11:Infinity":2,"b:12:2:12:Infinity:undefined:undefined:undefined:undefined":1,"s:12:2:12:Infinity":3,"s:12:36:12:Infinity":4,"s:13:2:13:Infinity":5,"f:16:16:16:33":1,"s:17:17:17:27":6,"s:18:17:18:Infinity":7,"s:19:19:19:31":8,"s:21:26:21:Infinity":9,"s:22:32:22:Infinity":10,"s:23:28:23:Infinity":11,"s:25:2:33:Infinity":12,"f:25:2:25:18":2,"s:26:4:32:Infinity":13,"f:27:7:27:13":3,"s:28:8:28:Infinity":14,"s:29:8:29:Infinity":15,"f:31:7:31:14":4,"s:31:22:31:52":16,"f:32:7:32:21":5,"s:32:21:32:38":17,"s:35:21:44:Infinity":18,"f:35:21:35:33":6,"b:36:4:36:Infinity:undefined:undefined:undefined:undefined":2,"s:36:4:36:Infinity":19,"s:36:15:36:Infinity":20,"s:37:4:43:Infinity":21,"s:38:23:38:Infinity":22,"s:39:6:39:Infinity":23,"s:40:6:40:Infinity":24,"s:42:6:42:Infinity":25,"s:46:23:56:Infinity":26,"f:46:23:46:35":7,"b:47:4:47:Infinity:undefined:undefined:undefined:undefined":3,"s:47:4:47:Infinity":27,"s:47:15:47:Infinity":28,"b:48:4:48:Infinity:undefined:undefined:undefined:undefined":4,"s:48:4:48:Infinity":29,"s:48:62:48:Infinity":30,"s:49:4:55:Infinity":31,"s:50:6:50:Infinity":32,"s:51:6:51:Infinity":33,"s:52:6:52:Infinity":34,"s:54:6:54:Infinity":35,"b:58:2:58:Infinity:undefined:undefined:undefined:undefined":5,"s:58:2:58:Infinity":36,"s:58:15:58:Infinity":37,"b:60:2:71:Infinity:undefined:undefined:undefined:undefined":6,"s:60:2:71:Infinity":38,"s:61:4:69:Infinity":39,"b:64:11:64:20:64:20:64:Infinity":7,"s:73:2:117:Infinity":40,"b:83:8:86:Infinity:86:10:86:Infinity":8,"b:98:44:98:71:98:71:98:79":9,"b:102:17:102:37:102:37:102:58":10,"b:108:12:111:Infinity:111:14:111:Infinity":11},"fnNames":{}}}
,"C:\\Users\\jssim\\aarao\\conecthus\\web\\src\\pages\\TaskFormPage.tsx": {"path":"C:\\Users\\jssim\\aarao\\conecthus\\web\\src\\pages\\TaskFormPage.tsx","statementMap":{"0":{"start":{"line":8,"column":30},"end":{"line":8,"column":null}},"1":{"start":{"line":11,"column":33},"end":{"line":11,"column":null}},"2":{"start":{"line":12,"column":2},"end":{"line":12,"column":null}},"3":{"start":{"line":12,"column":33},"end":{"line":12,"column":null}},"4":{"start":{"line":13,"column":2},"end":{"line":13,"column":null}},"5":{"start":{"line":13,"column":22},"end":{"line":13,"column":null}},"6":{"start":{"line":14,"column":2},"end":{"line":14,"column":null}},"7":{"start":{"line":18,"column":17},"end":{"line":18,"column":27}},"8":{"start":{"line":19,"column":17},"end":{"line":19,"column":null}},"9":{"start":{"line":20,"column":17},"end":{"line":20,"column":null}},"10":{"start":{"line":21,"column":19},"end":{"line":21,"column":31}},"11":{"start":{"line":23,"column":30},"end":{"line":23,"column":null}},"12":{"start":{"line":24,"column":32},"end":{"line":24,"column":null}},"13":{"start":{"line":25,"column":30},"end":{"line":25,"column":null}},"14":{"start":{"line":26,"column":28},"end":{"line":26,"column":null}},"15":{"start":{"line":28,"column":2},"end":{"line":51,"column":null}},"16":{"start":{"line":29,"column":4},"end":{"line":29,"column":null}},"17":{"start":{"line":29,"column":17},"end":{"line":29,"column":null}},"18":{"start":{"line":30,"column":17},"end":{"line":30,"column":null}},"19":{"start":{"line":31,"column":4},"end":{"line":47,"column":null}},"20":{"start":{"line":33,"column":8},"end":{"line":33,"column":null}},"21":{"start":{"line":33,"column":21},"end":{"line":33,"column":null}},"22":{"start":{"line":34,"column":21},"end":{"line":34,"column":null}},"23":{"start":{"line":35,"column":8},"end":{"line":40,"column":null}},"24":{"start":{"line":43,"column":8},"end":{"line":43,"column":null}},"25":{"start":{"line":43,"column":20},"end":{"line":43,"column":null}},"26":{"start":{"line":46,"column":8},"end":{"line":46,"column":null}},"27":{"start":{"line":46,"column":20},"end":{"line":46,"column":null}},"28":{"start":{"line":48,"column":4},"end":{"line":50,"column":null}},"29":{"start":{"line":49,"column":6},"end":{"line":49,"column":null}},"30":{"start":{"line":53,"column":8},"end":{"line":54,"column":null}},"31":{"start":{"line":54,"column":4},"end":{"line":54,"column":null}},"32":{"start":{"line":54,"column":25},"end":{"line":54,"column":49}},"33":{"start":{"line":56,"column":23},"end":{"line":72,"column":null}},"34":{"start":{"line":57,"column":4},"end":{"line":57,"column":null}},"35":{"start":{"line":58,"column":4},"end":{"line":58,"column":null}},"36":{"start":{"line":59,"column":4},"end":{"line":59,"column":null}},"37":{"start":{"line":60,"column":4},"end":{"line":71,"column":null}},"38":{"start":{"line":61,"column":20},"end":{"line":61,"column":null}},"39":{"start":{"line":62,"column":20},"end":{"line":62,"column":null}},"40":{"start":{"line":63,"column":6},"end":{"line":65,"column":null}},"41":{"start":{"line":66,"column":6},"end":{"line":66,"column":null}},"42":{"start":{"line":68,"column":6},"end":{"line":68,"column":null}},"43":{"start":{"line":70,"column":6},"end":{"line":70,"column":null}},"44":{"start":{"line":74,"column":2},"end":{"line":80,"column":null}},"45":{"start":{"line":75,"column":4},"end":{"line":78,"column":null}},"46":{"start":{"line":82,"column":2},"end":{"line":154,"column":null}},"47":{"start":{"line":103,"column":33},"end":{"line":103,"column":null}},"48":{"start":{"line":113,"column":33},"end":{"line":113,"column":null}},"49":{"start":{"line":123,"column":35},"end":{"line":123,"column":null}},"50":{"start":{"line":137,"column":35},"end":{"line":137,"column":null}}},"fnMap":{"0":{"name":"toInput","decl":{"start":{"line":10,"column":9},"end":{"line":10,"column":17}},"loc":{"start":{"line":10,"column":58},"end":{"line":15,"column":null}},"line":10},"1":{"name":"TaskFormPage","decl":{"start":{"line":17,"column":16},"end":{"line":17,"column":31}},"loc":{"start":{"line":17,"column":31},"end":{"line":156,"column":null}},"line":17},"2":{"name":"(anonymous_2)","decl":{"start":{"line":28,"column":2},"end":{"line":28,"column":18}},"loc":{"start":{"line":28,"column":18},"end":{"line":51,"column":5}},"line":28},"3":{"name":"(anonymous_3)","decl":{"start":{"line":32,"column":7},"end":{"line":32,"column":13}},"loc":{"start":{"line":32,"column":26},"end":{"line":41,"column":7}},"line":32},"4":{"name":"(anonymous_4)","decl":{"start":{"line":42,"column":7},"end":{"line":42,"column":14}},"loc":{"start":{"line":42,"column":22},"end":{"line":44,"column":7}},"line":42},"5":{"name":"(anonymous_5)","decl":{"start":{"line":45,"column":7},"end":{"line":45,"column":21}},"loc":{"start":{"line":45,"column":21},"end":{"line":47,"column":7}},"line":45},"6":{"name":"(anonymous_6)","decl":{"start":{"line":48,"column":4},"end":{"line":48,"column":17}},"loc":{"start":{"line":48,"column":17},"end":{"line":50,"column":null}},"line":48},"7":{"name":"(anonymous_7)","decl":{"start":{"line":53,"column":8},"end":{"line":53,"column":17}},"loc":{"start":{"line":54,"column":4},"end":{"line":54,"column":null}},"line":54},"8":{"name":"(anonymous_8)","decl":{"start":{"line":54,"column":4},"end":{"line":54,"column":15}},"loc":{"start":{"line":54,"column":25},"end":{"line":54,"column":49}},"line":54},"9":{"name":"(anonymous_9)","decl":{"start":{"line":56,"column":23},"end":{"line":56,"column":30}},"loc":{"start":{"line":56,"column":51},"end":{"line":72,"column":null}},"line":56},"10":{"name":"(anonymous_10)","decl":{"start":{"line":103,"column":12},"end":{"line":103,"column":23}},"loc":{"start":{"line":103,"column":33},"end":{"line":103,"column":null}},"line":103},"11":{"name":"(anonymous_11)","decl":{"start":{"line":113,"column":12},"end":{"line":113,"column":23}},"loc":{"start":{"line":113,"column":33},"end":{"line":113,"column":null}},"line":113},"12":{"name":"(anonymous_12)","decl":{"start":{"line":123,"column":14},"end":{"line":123,"column":25}},"loc":{"start":{"line":123,"column":35},"end":{"line":123,"column":null}},"line":123},"13":{"name":"(anonymous_13)","decl":{"start":{"line":137,"column":14},"end":{"line":137,"column":25}},"loc":{"start":{"line":137,"column":35},"end":{"line":137,"column":null}},"line":137}},"branchMap":{"0":{"loc":{"start":{"line":12,"column":2},"end":{"line":12,"column":null}},"type":"if","locations":[{"start":{"line":12,"column":2},"end":{"line":12,"column":null}},{"start":{},"end":{}}],"line":12},"1":{"loc":{"start":{"line":13,"column":2},"end":{"line":13,"column":null}},"type":"if","locations":[{"start":{"line":13,"column":2},"end":{"line":13,"column":null}},{"start":{},"end":{}}],"line":13},"2":{"loc":{"start":{"line":19,"column":17},"end":{"line":19,"column":null}},"type":"cond-expr","locations":[{"start":{"line":19,"column":22},"end":{"line":19,"column":35}},{"start":{"line":19,"column":35},"end":{"line":19,"column":null}}],"line":19},"3":{"loc":{"start":{"line":29,"column":4},"end":{"line":29,"column":null}},"type":"if","locations":[{"start":{"line":29,"column":4},"end":{"line":29,"column":null}},{"start":{},"end":{}}],"line":29},"4":{"loc":{"start":{"line":33,"column":8},"end":{"line":33,"column":null}},"type":"if","locations":[{"start":{"line":33,"column":8},"end":{"line":33,"column":null}},{"start":{},"end":{}}],"line":33},"5":{"loc":{"start":{"line":37,"column":23},"end":{"line":37,"column":null}},"type":"binary-expr","locations":[{"start":{"line":37,"column":23},"end":{"line":37,"column":43}},{"start":{"line":37,"column":43},"end":{"line":37,"column":null}}],"line":37},"6":{"loc":{"start":{"line":39,"column":19},"end":{"line":39,"column":null}},"type":"cond-expr","locations":[{"start":{"line":39,"column":34},"end":{"line":39,"column":62}},{"start":{"line":39,"column":62},"end":{"line":39,"column":null}}],"line":39},"7":{"loc":{"start":{"line":43,"column":8},"end":{"line":43,"column":null}},"type":"if","locations":[{"start":{"line":43,"column":8},"end":{"line":43,"column":null}},{"start":{},"end":{}}],"line":43},"8":{"loc":{"start":{"line":46,"column":8},"end":{"line":46,"column":null}},"type":"if","locations":[{"start":{"line":46,"column":8},"end":{"line":46,"column":null}},{"start":{},"end":{}}],"line":46},"9":{"loc":{"start":{"line":62,"column":20},"end":{"line":62,"column":null}},"type":"cond-expr","locations":[{"start":{"line":62,"column":39},"end":{"line":62,"column":73}},{"start":{"line":62,"column":73},"end":{"line":62,"column":null}}],"line":62},"10":{"loc":{"start":{"line":62,"column":20},"end":{"line":62,"column":39}},"type":"binary-expr","locations":[{"start":{"line":62,"column":20},"end":{"line":62,"column":30}},{"start":{"line":62,"column":30},"end":{"line":62,"column":39}}],"line":62},"11":{"loc":{"start":{"line":66,"column":15},"end":{"line":66,"column":65}},"type":"cond-expr","locations":[{"start":{"line":66,"column":34},"end":{"line":66,"column":55}},{"start":{"line":66,"column":55},"end":{"line":66,"column":65}}],"line":66},"12":{"loc":{"start":{"line":66,"column":15},"end":{"line":66,"column":34}},"type":"binary-expr","locations":[{"start":{"line":66,"column":15},"end":{"line":66,"column":25}},{"start":{"line":66,"column":25},"end":{"line":66,"column":34}}],"line":66},"13":{"loc":{"start":{"line":74,"column":2},"end":{"line":80,"column":null}},"type":"if","locations":[{"start":{"line":74,"column":2},"end":{"line":80,"column":null}},{"start":{},"end":{}}],"line":74},"14":{"loc":{"start":{"line":85,"column":13},"end":{"line":85,"column":58}},"type":"cond-expr","locations":[{"start":{"line":85,"column":22},"end":{"line":85,"column":40}},{"start":{"line":85,"column":40},"end":{"line":85,"column":58}}],"line":85},"15":{"loc":{"start":{"line":92,"column":9},"end":{"line":96,"column":null}},"type":"cond-expr","locations":[{"start":{"line":93,"column":10},"end":{"line":96,"column":null}},{"start":{"line":96,"column":12},"end":{"line":96,"column":null}}],"line":92},"16":{"loc":{"start":{"line":150,"column":13},"end":{"line":150,"column":null}},"type":"cond-expr","locations":[{"start":{"line":150,"column":22},"end":{"line":150,"column":36}},{"start":{"line":150,"column":36},"end":{"line":150,"column":null}}],"line":150},"17":{"loc":{"start":{"line":150,"column":36},"end":{"line":150,"column":null}},"type":"cond-expr","locations":[{"start":{"line":150,"column":45},"end":{"line":150,"column":67}},{"start":{"line":150,"column":67},"end":{"line":150,"column":null}}],"line":150}},"s":{"0":2,"1":2,"2":2,"3":2,"4":2,"5":2,"6":2,"7":49,"8":49,"9":49,"10":49,"11":49,"12":49,"13":49,"14":49,"15":49,"16":3,"17":1,"18":2,"19":2,"20":1,"21":0,"22":1,"23":1,"24":1,"25":1,"26":2,"27":2,"28":2,"29":2,"30":49,"31":40,"32":40,"33":49,"34":2,"35":2,"36":2,"37":2,"38":2,"39":2,"40":1,"41":1,"42":0,"43":2,"44":49,"45":2,"46":47,"47":23,"48":15,"49":1,"50":1},"f":{"0":2,"1":49,"2":3,"3":1,"4":1,"5":2,"6":2,"7":40,"8":40,"9":2,"10":23,"11":15,"12":1,"13":1},"b":{"0":[2,0],"1":[2,0],"2":[18,31],"3":[1,2],"4":[0,1],"5":[1,0],"6":[1,0],"7":[1,0],"8":[2,0],"9":[1,1],"10":[2,1],"11":[1,1],"12":[1,1],"13":[2,47],"14":[16,31],"15":[1,46],"16":[2,45],"17":[15,30]},"meta":{"lastBranch":18,"lastFunction":14,"lastStatement":51,"seen":{"s:8:30:8:Infinity":0,"f:10:9:10:17":0,"s:11:33:11:Infinity":1,"b:12:2:12:Infinity:undefined:undefined:undefined:undefined":0,"s:12:2:12:Infinity":2,"s:12:33:12:Infinity":3,"b:13:2:13:Infinity:undefined:undefined:undefined:undefined":1,"s:13:2:13:Infinity":4,"s:13:22:13:Infinity":5,"s:14:2:14:Infinity":6,"f:17:16:17:31":1,"s:18:17:18:27":7,"s:19:17:19:Infinity":8,"b:19:22:19:35:19:35:19:Infinity":2,"s:20:17:20:Infinity":9,"s:21:19:21:31":10,"s:23:30:23:Infinity":11,"s:24:32:24:Infinity":12,"s:25:30:25:Infinity":13,"s:26:28:26:Infinity":14,"s:28:2:51:Infinity":15,"f:28:2:28:18":2,"b:29:4:29:Infinity:undefined:undefined:undefined:undefined":3,"s:29:4:29:Infinity":16,"s:29:17:29:Infinity":17,"s:30:17:30:Infinity":18,"s:31:4:47:Infinity":19,"f:32:7:32:13":3,"b:33:8:33:Infinity:undefined:undefined:undefined:undefined":4,"s:33:8:33:Infinity":20,"s:33:21:33:Infinity":21,"s:34:21:34:Infinity":22,"s:35:8:40:Infinity":23,"b:37:23:37:43:37:43:37:Infinity":5,"b:39:34:39:62:39:62:39:Infinity":6,"f:42:7:42:14":4,"b:43:8:43:Infinity:undefined:undefined:undefined:undefined":7,"s:43:8:43:Infinity":24,"s:43:20:43:Infinity":25,"f:45:7:45:21":5,"b:46:8:46:Infinity:undefined:undefined:undefined:undefined":8,"s:46:8:46:Infinity":26,"s:46:20:46:Infinity":27,"s:48:4:50:Infinity":28,"f:48:4:48:17":6,"s:49:6:49:Infinity":29,"s:53:8:54:Infinity":30,"f:53:8:53:17":7,"s:54:4:54:Infinity":31,"f:54:4:54:15":8,"s:54:25:54:49":32,"s:56:23:72:Infinity":33,"f:56:23:56:30":9,"s:57:4:57:Infinity":34,"s:58:4:58:Infinity":35,"s:59:4:59:Infinity":36,"s:60:4:71:Infinity":37,"s:61:20:61:Infinity":38,"s:62:20:62:Infinity":39,"b:62:39:62:73:62:73:62:Infinity":9,"b:62:20:62:30:62:30:62:39":10,"s:63:6:65:Infinity":40,"s:66:6:66:Infinity":41,"b:66:34:66:55:66:55:66:65":11,"b:66:15:66:25:66:25:66:34":12,"s:68:6:68:Infinity":42,"s:70:6:70:Infinity":43,"b:74:2:80:Infinity:undefined:undefined:undefined:undefined":13,"s:74:2:80:Infinity":44,"s:75:4:78:Infinity":45,"s:82:2:154:Infinity":46,"b:85:22:85:40:85:40:85:58":14,"b:93:10:96:Infinity:96:12:96:Infinity":15,"f:103:12:103:23":10,"s:103:33:103:Infinity":47,"f:113:12:113:23":11,"s:113:33:113:Infinity":48,"f:123:14:123:25":12,"s:123:35:123:Infinity":49,"f:137:14:137:25":13,"s:137:35:137:Infinity":50,"b:150:22:150:36:150:36:150:Infinity":16,"b:150:45:150:67:150:67:150:Infinity":17},"fnNames":{}}}
,"C:\\Users\\jssim\\aarao\\conecthus\\web\\src\\pages\\TasksPage.tsx": {"path":"C:\\Users\\jssim\\aarao\\conecthus\\web\\src\\pages\\TasksPage.tsx","statementMap":{"0":{"start":{"line":11,"column":32},"end":{"line":11,"column":null}},"1":{"start":{"line":12,"column":26},"end":{"line":12,"column":null}},"2":{"start":{"line":13,"column":32},"end":{"line":13,"column":null}},"3":{"start":{"line":14,"column":28},"end":{"line":14,"column":null}},"4":{"start":{"line":15,"column":34},"end":{"line":15,"column":null}},"5":{"start":{"line":17,"column":18},"end":{"line":17,"column":null}},"6":{"start":{"line":17,"column":36},"end":{"line":17,"column":71}},"7":{"start":{"line":17,"column":59},"end":{"line":17,"column":68}},"8":{"start":{"line":19,"column":2},"end":{"line":23,"column":null}},"9":{"start":{"line":20,"column":10},"end":{"line":20,"column":null}},"10":{"start":{"line":20,"column":26},"end":{"line":20,"column":null}},"11":{"start":{"line":21,"column":4},"end":{"line":21,"column":null}},"12":{"start":{"line":22,"column":4},"end":{"line":22,"column":null}},"13":{"start":{"line":22,"column":17},"end":{"line":22,"column":null}},"14":{"start":{"line":25,"column":2},"end":{"line":40,"column":null}},"15":{"start":{"line":26,"column":18},"end":{"line":37,"column":null}},"16":{"start":{"line":27,"column":6},"end":{"line":27,"column":null}},"17":{"start":{"line":28,"column":6},"end":{"line":28,"column":null}},"18":{"start":{"line":29,"column":6},"end":{"line":36,"column":null}},"19":{"start":{"line":30,"column":25},"end":{"line":30,"column":null}},"20":{"start":{"line":31,"column":8},"end":{"line":31,"column":null}},"21":{"start":{"line":33,"column":8},"end":{"line":33,"column":null}},"22":{"start":{"line":35,"column":8},"end":{"line":35,"column":null}},"23":{"start":{"line":39,"column":4},"end":{"line":39,"column":null}},"24":{"start":{"line":39,"column":17},"end":{"line":39,"column":null}},"25":{"start":{"line":42,"column":27},"end":{"line":49,"column":null}},"26":{"start":{"line":43,"column":4},"end":{"line":48,"column":null}},"27":{"start":{"line":44,"column":6},"end":{"line":44,"column":null}},"28":{"start":{"line":45,"column":6},"end":{"line":45,"column":null}},"29":{"start":{"line":51,"column":23},"end":{"line":59,"column":null}},"30":{"start":{"line":52,"column":4},"end":{"line":52,"column":null}},"31":{"start":{"line":52,"column":62},"end":{"line":52,"column":null}},"32":{"start":{"line":53,"column":4},"end":{"line":58,"column":null}},"33":{"start":{"line":54,"column":6},"end":{"line":54,"column":null}},"34":{"start":{"line":55,"column":6},"end":{"line":55,"column":null}},"35":{"start":{"line":61,"column":8},"end":{"line":61,"column":null}},"36":{"start":{"line":61,"column":39},"end":{"line":61,"column":null}},"37":{"start":{"line":61,"column":61},"end":{"line":61,"column":79}},"38":{"start":{"line":63,"column":18},"end":{"line":63,"column":null}},"39":{"start":{"line":65,"column":2},"end":{"line":129,"column":null}},"40":{"start":{"line":96,"column":12},"end":{"line":101,"column":null}},"41":{"start":{"line":112,"column":27},"end":{"line":112,"column":null}},"42":{"start":{"line":123,"column":27},"end":{"line":123,"column":null}}},"fnMap":{"0":{"name":"TasksPage","decl":{"start":{"line":10,"column":16},"end":{"line":10,"column":28}},"loc":{"start":{"line":10,"column":28},"end":{"line":131,"column":null}},"line":10},"1":{"name":"(anonymous_1)","decl":{"start":{"line":17,"column":18},"end":{"line":17,"column":36}},"loc":{"start":{"line":17,"column":36},"end":{"line":17,"column":71}},"line":17},"2":{"name":"(anonymous_2)","decl":{"start":{"line":17,"column":36},"end":{"line":17,"column":49}},"loc":{"start":{"line":17,"column":59},"end":{"line":17,"column":68}},"line":17},"3":{"name":"(anonymous_3)","decl":{"start":{"line":19,"column":2},"end":{"line":19,"column":18}},"loc":{"start":{"line":19,"column":18},"end":{"line":23,"column":5}},"line":19},"4":{"name":"(anonymous_4)","decl":{"start":{"line":20,"column":10},"end":{"line":20,"column":26}},"loc":{"start":{"line":20,"column":26},"end":{"line":20,"column":null}},"line":20},"5":{"name":"(anonymous_5)","decl":{"start":{"line":22,"column":4},"end":{"line":22,"column":17}},"loc":{"start":{"line":22,"column":17},"end":{"line":22,"column":null}},"line":22},"6":{"name":"(anonymous_6)","decl":{"start":{"line":25,"column":2},"end":{"line":25,"column":18}},"loc":{"start":{"line":25,"column":18},"end":{"line":40,"column":5}},"line":25},"7":{"name":"(anonymous_7)","decl":{"start":{"line":26,"column":29},"end":{"line":26,"column":41}},"loc":{"start":{"line":26,"column":41},"end":{"line":37,"column":7}},"line":26},"8":{"name":"(anonymous_8)","decl":{"start":{"line":39,"column":4},"end":{"line":39,"column":17}},"loc":{"start":{"line":39,"column":17},"end":{"line":39,"column":null}},"line":39},"9":{"name":"(anonymous_9)","decl":{"start":{"line":42,"column":27},"end":{"line":42,"column":34}},"loc":{"start":{"line":42,"column":49},"end":{"line":49,"column":null}},"line":42},"10":{"name":"(anonymous_10)","decl":{"start":{"line":51,"column":23},"end":{"line":51,"column":30}},"loc":{"start":{"line":51,"column":45},"end":{"line":59,"column":null}},"line":51},"11":{"name":"(anonymous_11)","decl":{"start":{"line":61,"column":8},"end":{"line":61,"column":22}},"loc":{"start":{"line":61,"column":39},"end":{"line":61,"column":null}},"line":61},"12":{"name":"(anonymous_12)","decl":{"start":{"line":61,"column":39},"end":{"line":61,"column":51}},"loc":{"start":{"line":61,"column":61},"end":{"line":61,"column":79}},"line":61},"13":{"name":"(anonymous_13)","decl":{"start":{"line":95,"column":22},"end":{"line":95,"column":27}},"loc":{"start":{"line":96,"column":12},"end":{"line":101,"column":null}},"line":96},"14":{"name":"(anonymous_14)","decl":{"start":{"line":112,"column":12},"end":{"line":112,"column":27}},"loc":{"start":{"line":112,"column":27},"end":{"line":112,"column":null}},"line":112},"15":{"name":"(anonymous_15)","decl":{"start":{"line":123,"column":12},"end":{"line":123,"column":27}},"loc":{"start":{"line":123,"column":27},"end":{"line":123,"column":null}},"line":123}},"branchMap":{"0":{"loc":{"start":{"line":52,"column":4},"end":{"line":52,"column":null}},"type":"if","locations":[{"start":{"line":52,"column":4},"end":{"line":52,"column":null}},{"start":{},"end":{}}],"line":52},"1":{"loc":{"start":{"line":63,"column":26},"end":{"line":63,"column":69}},"type":"binary-expr","locations":[{"start":{"line":63,"column":26},"end":{"line":63,"column":34}},{"start":{"line":63,"column":34},"end":{"line":63,"column":61}},{"start":{"line":63,"column":61},"end":{"line":63,"column":69}}],"line":63},"2":{"loc":{"start":{"line":76,"column":7},"end":{"line":80,"column":null}},"type":"cond-expr","locations":[{"start":{"line":77,"column":8},"end":{"line":80,"column":null}},{"start":{"line":80,"column":10},"end":{"line":80,"column":null}}],"line":76},"3":{"loc":{"start":{"line":82,"column":7},"end":{"line":82,"column":null}},"type":"cond-expr","locations":[{"start":{"line":82,"column":26},"end":{"line":82,"column":null}},{"start":{"line":82,"column":65},"end":{"line":82,"column":null}}],"line":82},"4":{"loc":{"start":{"line":82,"column":7},"end":{"line":82,"column":26}},"type":"binary-expr","locations":[{"start":{"line":82,"column":7},"end":{"line":82,"column":18}},{"start":{"line":82,"column":18},"end":{"line":82,"column":26}}],"line":82},"5":{"loc":{"start":{"line":84,"column":7},"end":{"line":91,"column":null}},"type":"cond-expr","locations":[{"start":{"line":85,"column":8},"end":{"line":91,"column":null}},{"start":{"line":91,"column":10},"end":{"line":91,"column":null}}],"line":84},"6":{"loc":{"start":{"line":93,"column":7},"end":{"line":104,"column":null}},"type":"cond-expr","locations":[{"start":{"line":94,"column":8},"end":{"line":104,"column":null}},{"start":{"line":104,"column":10},"end":{"line":104,"column":null}}],"line":93},"7":{"loc":{"start":{"line":93,"column":7},"end":{"line":93,"column":null}},"type":"binary-expr","locations":[{"start":{"line":93,"column":7},"end":{"line":93,"column":15}},{"start":{"line":93,"column":15},"end":{"line":93,"column":null}}],"line":93},"8":{"loc":{"start":{"line":106,"column":7},"end":{"line":128,"column":null}},"type":"cond-expr","locations":[{"start":{"line":107,"column":8},"end":{"line":128,"column":null}},{"start":{"line":128,"column":10},"end":{"line":128,"column":null}}],"line":106},"9":{"loc":{"start":{"line":106,"column":7},"end":{"line":106,"column":null}},"type":"binary-expr","locations":[{"start":{"line":106,"column":7},"end":{"line":106,"column":15}},{"start":{"line":106,"column":15},"end":{"line":106,"column":null}}],"line":106}},"s":{"0":4,"1":4,"2":4,"3":4,"4":4,"5":4,"6":0,"7":0,"8":4,"9":2,"10":0,"11":2,"12":2,"13":2,"14":4,"15":2,"16":2,"17":2,"18":2,"19":2,"20":2,"21":0,"22":2,"23":2,"24":2,"25":4,"26":0,"27":0,"28":0,"29":4,"30":0,"31":0,"32":0,"33":0,"34":0,"35":4,"36":0,"37":0,"38":4,"39":4,"40":2,"41":0,"42":0},"f":{"0":4,"1":0,"2":0,"3":2,"4":0,"5":2,"6":2,"7":2,"8":2,"9":0,"10":0,"11":0,"12":0,"13":2,"14":0,"15":0},"b":{"0":[0,0],"1":[4,2,0],"2":[0,4],"3":[2,2],"4":[4,2],"5":[0,4],"6":[2,2],"7":[4,2],"8":[0,4],"9":[4,2]},"meta":{"lastBranch":10,"lastFunction":16,"lastStatement":43,"seen":{"f:10:16:10:28":0,"s:11:32:11:Infinity":0,"s:12:26:12:Infinity":1,"s:13:32:13:Infinity":2,"s:14:28:14:Infinity":3,"s:15:34:15:Infinity":4,"s:17:18:17:Infinity":5,"f:17:18:17:36":1,"s:17:36:17:71":6,"f:17:36:17:49":2,"s:17:59:17:68":7,"s:19:2:23:Infinity":8,"f:19:2:19:18":3,"s:20:10:20:Infinity":9,"f:20:10:20:26":4,"s:20:26:20:Infinity":10,"s:21:4:21:Infinity":11,"s:22:4:22:Infinity":12,"f:22:4:22:17":5,"s:22:17:22:Infinity":13,"s:25:2:40:Infinity":14,"f:25:2:25:18":6,"s:26:18:37:Infinity":15,"f:26:29:26:41":7,"s:27:6:27:Infinity":16,"s:28:6:28:Infinity":17,"s:29:6:36:Infinity":18,"s:30:25:30:Infinity":19,"s:31:8:31:Infinity":20,"s:33:8:33:Infinity":21,"s:35:8:35:Infinity":22,"s:39:4:39:Infinity":23,"f:39:4:39:17":8,"s:39:17:39:Infinity":24,"s:42:27:49:Infinity":25,"f:42:27:42:34":9,"s:43:4:48:Infinity":26,"s:44:6:44:Infinity":27,"s:45:6:45:Infinity":28,"s:51:23:59:Infinity":29,"f:51:23:51:30":10,"b:52:4:52:Infinity:undefined:undefined:undefined:undefined":0,"s:52:4:52:Infinity":30,"s:52:62:52:Infinity":31,"s:53:4:58:Infinity":32,"s:54:6:54:Infinity":33,"s:55:6:55:Infinity":34,"s:61:8:61:Infinity":35,"f:61:8:61:22":11,"s:61:39:61:Infinity":36,"f:61:39:61:51":12,"s:61:61:61:79":37,"s:63:18:63:Infinity":38,"b:63:26:63:34:63:34:63:61:63:61:63:69":1,"s:65:2:129:Infinity":39,"b:77:8:80:Infinity:80:10:80:Infinity":2,"b:82:26:82:Infinity:82:65:82:Infinity":3,"b:82:7:82:18:82:18:82:26":4,"b:85:8:91:Infinity:91:10:91:Infinity":5,"b:94:8:104:Infinity:104:10:104:Infinity":6,"b:93:7:93:15:93:15:93:Infinity":7,"f:95:22:95:27":13,"s:96:12:101:Infinity":40,"b:107:8:128:Infinity:128:10:128:Infinity":8,"b:106:7:106:15:106:15:106:Infinity":9,"f:112:12:112:27":14,"s:112:27:112:Infinity":41,"f:123:12:123:27":15,"s:123:27:123:Infinity":42},"fnNames":{}}}
}
